[rospy.client][INFO] 2020-01-16 12:01:45,917: init_node, name[/talker_2812_1579154505910], pid[2812]
[xmlrpc][INFO] 2020-01-16 12:01:45,917: XML-RPC server binding to 0.0.0.0:0
[xmlrpc][INFO] 2020-01-16 12:01:45,920: Started XML-RPC server [http://Ricardo:51476/]
[rospy.init][INFO] 2020-01-16 12:01:45,920: ROS Slave URI: [http://Ricardo:51476/]
[rospy.impl.masterslave][INFO] 2020-01-16 12:01:45,920: _ready: http://Ricardo:51476/
[xmlrpc][INFO] 2020-01-16 12:01:45,921: xml rpc node: starting XML-RPC server
[rospy.registration][INFO] 2020-01-16 12:01:45,923: Registering with master node http://192.168.0.102:1234
[rospy.registration][INFO] 2020-01-16 12:01:45,923: Registering publisher topic [/chatter] type [std_msgs/String] with master
[rospy.init][INFO] 2020-01-16 12:01:46,020: registered with master
[rospy.rosout][INFO] 2020-01-16 12:01:46,020: initializing /rosout core topic
[rospy.rosout][INFO] 2020-01-16 12:01:46,026: connected to core topic /rosout
[rospy.simtime][INFO] 2020-01-16 12:01:46,038: /use_sim_time is not set, will not subscribe to simulated time [/clock] topic
[rosout][INFO] 2020-01-16 12:01:46,051: hello world 1579154506.05
[rosout][INFO] 2020-01-16 12:01:48,082: hello world 1579154508.08
[rosout][INFO] 2020-01-16 12:01:50,125: hello world 1579154510.12
[rosout][INFO] 2020-01-16 12:01:52,134: hello world 1579154512.13
[rosout][INFO] 2020-01-16 12:01:54,186: hello world 1579154514.19
[rosout][INFO] 2020-01-16 12:01:56,193: hello world 1579154516.19
[rosout][INFO] 2020-01-16 12:01:58,234: hello world 1579154518.23
[rosout][INFO] 2020-01-16 12:02:00,296: hello world 1579154520.3
[rosout][INFO] 2020-01-16 12:02:02,342: hello world 1579154522.34
[rosout][INFO] 2020-01-16 12:02:04,388: hello world 1579154524.39
[rosout][INFO] 2020-01-16 12:02:06,357: hello world 1579154526.36
[rosout][INFO] 2020-01-16 12:02:08,414: hello world 1579154528.41
[rosout][INFO] 2020-01-16 12:02:10,434: hello world 1579154530.43
[rosout][INFO] 2020-01-16 12:02:12,448: hello world 1579154532.45
[rosout][INFO] 2020-01-16 12:02:14,519: hello world 1579154534.52
[rosout][INFO] 2020-01-16 12:02:16,522: hello world 1579154536.52
[rosout][INFO] 2020-01-16 12:02:18,553: hello world 1579154538.55
[rosout][INFO] 2020-01-16 12:02:20,595: hello world 1579154540.6
[rosout][INFO] 2020-01-16 12:02:22,615: hello world 1579154542.62
[rosout][INFO] 2020-01-16 12:02:24,671: hello world 1579154544.67
[rosout][INFO] 2020-01-16 12:02:26,711: hello world 1579154546.71
[rosout][INFO] 2020-01-16 12:02:28,734: hello world 1579154548.73
[rosout][INFO] 2020-01-16 12:02:30,838: hello world 1579154550.84
[rosout][INFO] 2020-01-16 12:02:32,891: hello world 1579154552.89
[rosout][INFO] 2020-01-16 12:02:34,914: hello world 1579154554.91
[rosout][INFO] 2020-01-16 12:02:36,953: hello world 1579154556.95
[rosout][INFO] 2020-01-16 12:02:38,994: hello world 1579154558.99
[rosout][INFO] 2020-01-16 12:02:41,033: hello world 1579154561.03
[rosout][INFO] 2020-01-16 12:02:43,073: hello world 1579154563.07
[rosout][INFO] 2020-01-16 12:02:45,038: hello world 1579154565.04
[rosout][INFO] 2020-01-16 12:02:47,088: hello world 1579154567.09
[rosout][INFO] 2020-01-16 12:02:49,148: hello world 1579154569.15
[rosout][INFO] 2020-01-16 12:02:51,174: hello world 1579154571.17
[rosout][INFO] 2020-01-16 12:02:53,226: hello world 1579154573.23
[rosout][INFO] 2020-01-16 12:02:55,276: hello world 1579154575.28
[rosout][INFO] 2020-01-16 12:02:57,269: hello world 1579154577.27
[rosout][INFO] 2020-01-16 12:02:59,319: hello world 1579154579.32
[rosout][INFO] 2020-01-16 12:03:01,348: hello world 1579154581.35
[rosout][INFO] 2020-01-16 12:03:03,410: hello world 1579154583.41
[rosout][INFO] 2020-01-16 12:03:05,460: hello world 1579154585.46
[rosout][INFO] 2020-01-16 12:03:07,473: hello world 1579154587.47
[rosout][INFO] 2020-01-16 12:03:09,503: hello world 1579154589.5
[rosout][INFO] 2020-01-16 12:03:11,519: hello world 1579154591.52
[rosout][INFO] 2020-01-16 12:03:13,561: hello world 1579154593.56
[rosout][INFO] 2020-01-16 12:03:15,621: hello world 1579154595.62
[rosout][INFO] 2020-01-16 12:03:17,657: hello world 1579154597.66
[rosout][INFO] 2020-01-16 12:03:19,724: hello world 1579154599.72
[rosout][INFO] 2020-01-16 12:03:21,779: hello world 1579154601.78
[rosout][INFO] 2020-01-16 12:03:23,805: hello world 1579154603.81
[rosout][INFO] 2020-01-16 12:03:25,858: hello world 1579154605.86
[rosout][INFO] 2020-01-16 12:03:27,898: hello world 1579154607.9
[rosout][INFO] 2020-01-16 12:03:29,926: hello world 1579154609.93
[rosout][INFO] 2020-01-16 12:03:31,980: hello world 1579154611.98
[rosout][INFO] 2020-01-16 12:03:34,005: hello world 1579154614.01
[rosout][INFO] 2020-01-16 12:03:36,046: hello world 1579154616.05
[rosout][INFO] 2020-01-16 12:03:38,102: hello world 1579154618.1
[rosout][INFO] 2020-01-16 12:03:40,122: hello world 1579154620.12
[rosout][INFO] 2020-01-16 12:03:42,177: hello world 1579154622.18
[rosout][INFO] 2020-01-16 12:03:44,233: hello world 1579154624.23
[rosout][INFO] 2020-01-16 12:03:46,249: hello world 1579154626.25
[rosout][INFO] 2020-01-16 12:03:48,278: hello world 1579154628.28
[rosout][INFO] 2020-01-16 12:03:50,338: hello world 1579154630.34
[rosout][INFO] 2020-01-16 12:03:52,361: hello world 1579154632.36
[rosout][INFO] 2020-01-16 12:03:54,358: hello world 1579154634.36
[rosout][INFO] 2020-01-16 12:03:56,369: hello world 1579154636.37
[rosout][INFO] 2020-01-16 12:03:58,424: hello world 1579154638.42
[rosout][INFO] 2020-01-16 12:04:00,467: hello world 1579154640.47
[rosout][INFO] 2020-01-16 12:04:02,519: hello world 1579154642.52
[rosout][INFO] 2020-01-16 12:04:04,573: hello world 1579154644.57
[rosout][INFO] 2020-01-16 12:04:06,569: hello world 1579154646.57
[rosout][INFO] 2020-01-16 12:04:08,592: hello world 1579154648.59
[rosout][INFO] 2020-01-16 12:04:10,588: hello world 1579154650.59
[rosout][INFO] 2020-01-16 12:04:12,638: hello world 1579154652.64
[rosout][INFO] 2020-01-16 12:04:14,645: hello world 1579154654.65
[rosout][INFO] 2020-01-16 12:04:16,680: hello world 1579154656.68
[rosout][INFO] 2020-01-16 12:04:18,697: hello world 1579154658.7
[rosout][INFO] 2020-01-16 12:04:20,733: hello world 1579154660.73
[rosout][INFO] 2020-01-16 12:04:22,769: hello world 1579154662.77
[rosout][INFO] 2020-01-16 12:04:24,776: hello world 1579154664.78
[rosout][INFO] 2020-01-16 12:04:26,835: hello world 1579154666.84
[rosout][INFO] 2020-01-16 12:04:28,869: hello world 1579154668.87
[rosout][INFO] 2020-01-16 12:04:30,911: hello world 1579154670.91
[rosout][INFO] 2020-01-16 12:04:32,911: hello world 1579154672.91
[rosout][INFO] 2020-01-16 12:04:34,938: hello world 1579154674.94
[rosout][INFO] 2020-01-16 12:04:36,963: hello world 1579154676.96
[rosout][INFO] 2020-01-16 12:04:39,002: hello world 1579154679.0
[rosout][INFO] 2020-01-16 12:04:41,046: hello world 1579154681.05
[rosout][INFO] 2020-01-16 12:04:43,187: hello world 1579154683.19
[rosout][INFO] 2020-01-16 12:04:45,233: hello world 1579154685.23
[rosout][INFO] 2020-01-16 12:04:47,319: hello world 1579154687.32
[rosout][INFO] 2020-01-16 12:04:49,385: hello world 1579154689.38
[rosout][INFO] 2020-01-16 12:04:51,349: hello world 1579154691.35
[rosout][INFO] 2020-01-16 12:04:53,338: hello world 1579154693.34
[rosout][INFO] 2020-01-16 12:04:55,328: hello world 1579154695.33
[rosout][INFO] 2020-01-16 12:04:57,352: hello world 1579154697.35
[rosout][INFO] 2020-01-16 12:04:59,413: hello world 1579154699.41
[rosout][INFO] 2020-01-16 12:05:01,459: hello world 1579154701.46
[rosout][INFO] 2020-01-16 12:05:03,480: hello world 1579154703.48
[rosout][INFO] 2020-01-16 12:05:05,555: hello world 1579154705.56
[rosout][INFO] 2020-01-16 12:05:07,542: hello world 1579154707.54
[rosout][INFO] 2020-01-16 12:05:09,594: hello world 1579154709.59
[rosout][INFO] 2020-01-16 12:05:11,638: hello world 1579154711.64
[rosout][INFO] 2020-01-16 12:05:13,628: hello world 1579154713.63
[rosout][INFO] 2020-01-16 12:05:15,608: hello world 1579154715.61
[rosout][INFO] 2020-01-16 12:05:17,635: hello world 1579154717.64
[rosout][INFO] 2020-01-16 12:05:19,648: hello world 1579154719.65
[rosout][INFO] 2020-01-16 12:05:21,686: hello world 1579154721.68
[rosout][INFO] 2020-01-16 12:05:23,700: hello world 1579154723.7
[rosout][INFO] 2020-01-16 12:05:25,711: hello world 1579154725.71
[rosout][INFO] 2020-01-16 12:05:27,743: hello world 1579154727.74
[rosout][INFO] 2020-01-16 12:05:29,756: hello world 1579154729.76
[rosout][INFO] 2020-01-16 12:05:31,802: hello world 1579154731.8
[rosout][INFO] 2020-01-16 12:05:33,776: hello world 1579154733.78
[rosout][INFO] 2020-01-16 12:05:35,829: hello world 1579154735.83
[rosout][INFO] 2020-01-16 12:05:37,858: hello world 1579154737.86
[rosout][INFO] 2020-01-16 12:05:39,918: hello world 1579154739.92
[rosout][INFO] 2020-01-16 12:05:41,954: hello world 1579154741.95
[rosout][INFO] 2020-01-16 12:05:43,966: hello world 1579154743.97
[rosout][INFO] 2020-01-16 12:05:45,977: hello world 1579154745.98
[rosout][INFO] 2020-01-16 12:05:47,990: hello world 1579154747.99
[rosout][INFO] 2020-01-16 12:05:49,983: hello world 1579154749.98
[rosout][INFO] 2020-01-16 12:05:52,023: hello world 1579154752.02
[rosout][INFO] 2020-01-16 12:05:54,056: hello world 1579154754.06
[rosout][INFO] 2020-01-16 12:05:56,096: hello world 1579154756.1
[rosout][INFO] 2020-01-16 12:05:58,115: hello world 1579154758.12
[rosout][INFO] 2020-01-16 12:06:00,114: hello world 1579154760.11
[rosout][INFO] 2020-01-16 12:06:02,121: hello world 1579154762.12
[rosout][INFO] 2020-01-16 12:06:04,163: hello world 1579154764.16
[rosout][INFO] 2020-01-16 12:06:06,154: hello world 1579154766.15
[rosout][INFO] 2020-01-16 12:06:08,190: hello world 1579154768.19
[rosout][INFO] 2020-01-16 12:06:10,177: hello world 1579154770.18
[rosout][INFO] 2020-01-16 12:06:12,214: hello world 1579154772.21
[rosout][INFO] 2020-01-16 12:06:14,233: hello world 1579154774.23
[rosout][INFO] 2020-01-16 12:06:16,256: hello world 1579154776.26
[rosout][INFO] 2020-01-16 12:06:18,253: hello world 1579154778.25
[rosout][INFO] 2020-01-16 12:06:20,278: hello world 1579154780.28
[rosout][INFO] 2020-01-16 12:06:22,269: hello world 1579154782.27
[rosout][INFO] 2020-01-16 12:06:24,302: hello world 1579154784.3
[rosout][INFO] 2020-01-16 12:06:26,299: hello world 1579154786.3
[rosout][INFO] 2020-01-16 12:06:28,328: hello world 1579154788.33
[rosout][INFO] 2020-01-16 12:06:30,329: hello world 1579154790.33
[rosout][INFO] 2020-01-16 12:06:32,341: hello world 1579154792.34
[rosout][INFO] 2020-01-16 12:06:34,328: hello world 1579154794.33
[rosout][INFO] 2020-01-16 12:06:36,364: hello world 1579154796.36
[rosout][INFO] 2020-01-16 12:06:38,357: hello world 1579154798.36
[rosout][INFO] 2020-01-16 12:06:40,395: hello world 1579154800.4
[rosout][INFO] 2020-01-16 12:06:42,407: hello world 1579154802.41
[rosout][INFO] 2020-01-16 12:06:44,427: hello world 1579154804.43
[rosout][INFO] 2020-01-16 12:06:46,415: hello world 1579154806.42
[rosout][INFO] 2020-01-16 12:06:48,454: hello world 1579154808.45
[rosout][INFO] 2020-01-16 12:06:50,493: hello world 1579154810.49
[rosout][INFO] 2020-01-16 12:06:52,490: hello world 1579154812.49
[rosout][INFO] 2020-01-16 12:06:54,533: hello world 1579154814.53
[rosout][INFO] 2020-01-16 12:06:56,542: hello world 1579154816.54
[rosout][INFO] 2020-01-16 12:06:58,563: hello world 1579154818.56
[rosout][INFO] 2020-01-16 12:07:00,562: hello world 1579154820.56
[rosout][INFO] 2020-01-16 12:07:02,617: hello world 1579154822.62
[rosout][INFO] 2020-01-16 12:07:04,661: hello world 1579154824.66
[rosout][INFO] 2020-01-16 12:07:06,637: hello world 1579154826.64
[rosout][INFO] 2020-01-16 12:07:08,651: hello world 1579154828.65
[rosout][INFO] 2020-01-16 12:07:10,716: hello world 1579154830.72
[rosout][INFO] 2020-01-16 12:07:12,736: hello world 1579154832.74
[rosout][INFO] 2020-01-16 12:07:14,746: hello world 1579154834.75
[rosout][INFO] 2020-01-16 12:07:16,766: hello world 1579154836.77
[rosout][INFO] 2020-01-16 12:07:18,783: hello world 1579154838.78
[rosout][INFO] 2020-01-16 12:07:20,770: hello world 1579154840.77
[rosout][INFO] 2020-01-16 12:07:22,773: hello world 1579154842.77
[rosout][INFO] 2020-01-16 12:07:24,789: hello world 1579154844.79
[rosout][INFO] 2020-01-16 12:07:26,772: hello world 1579154846.77
[rosout][INFO] 2020-01-16 12:07:28,806: hello world 1579154848.81
[rosout][INFO] 2020-01-16 12:07:30,828: hello world 1579154850.83
[rosout][INFO] 2020-01-16 12:07:32,841: hello world 1579154852.84
[rosout][INFO] 2020-01-16 12:07:34,858: hello world 1579154854.86
[rosout][INFO] 2020-01-16 12:07:36,861: hello world 1579154856.86
[rosout][INFO] 2020-01-16 12:07:38,875: hello world 1579154858.88
[rosout][INFO] 2020-01-16 12:07:40,880: hello world 1579154860.88
[rosout][INFO] 2020-01-16 12:07:42,900: hello world 1579154862.9
[rosout][INFO] 2020-01-16 12:07:44,901: hello world 1579154864.9
[rosout][INFO] 2020-01-16 12:07:46,937: hello world 1579154866.94
[rosout][INFO] 2020-01-16 12:07:48,926: hello world 1579154868.93
[rosout][INFO] 2020-01-16 12:07:50,963: hello world 1579154870.96
[rosout][INFO] 2020-01-16 12:07:52,964: hello world 1579154872.96
[rosout][INFO] 2020-01-16 12:07:54,987: hello world 1579154874.99
[rosout][INFO] 2020-01-16 12:07:56,997: hello world 1579154877.0
[rosout][INFO] 2020-01-16 12:07:59,010: hello world 1579154879.01
[rosout][INFO] 2020-01-16 12:08:01,039: hello world 1579154881.04
[rosout][INFO] 2020-01-16 12:08:03,042: hello world 1579154883.04
[rosout][INFO] 2020-01-16 12:08:05,032: hello world 1579154885.03
[rosout][INFO] 2020-01-16 12:08:07,056: hello world 1579154887.06
[rosout][INFO] 2020-01-16 12:08:09,055: hello world 1579154889.06
[rosout][INFO] 2020-01-16 12:08:11,063: hello world 1579154891.06
[rosout][INFO] 2020-01-16 12:08:13,068: hello world 1579154893.07
[rosout][INFO] 2020-01-16 12:08:15,089: hello world 1579154895.09
[rosout][INFO] 2020-01-16 12:08:17,108: hello world 1579154897.11
[rosout][INFO] 2020-01-16 12:08:19,125: hello world 1579154899.12
[rosout][INFO] 2020-01-16 12:08:21,154: hello world 1579154901.15
[rosout][INFO] 2020-01-16 12:08:23,161: hello world 1579154903.16
[rosout][INFO] 2020-01-16 12:08:25,178: hello world 1579154905.18
[rosout][INFO] 2020-01-16 12:08:27,190: hello world 1579154907.19
[rosout][INFO] 2020-01-16 12:08:29,220: hello world 1579154909.22
[rosout][INFO] 2020-01-16 12:08:31,226: hello world 1579154911.23
[rosout][INFO] 2020-01-16 12:08:33,262: hello world 1579154913.26
[rosout][INFO] 2020-01-16 12:08:35,278: hello world 1579154915.28
[rosout][INFO] 2020-01-16 12:08:37,276: hello world 1579154917.28
[rosout][INFO] 2020-01-16 12:08:39,282: hello world 1579154919.28
[rosout][INFO] 2020-01-16 12:08:41,295: hello world 1579154921.3
[rosout][INFO] 2020-01-16 12:08:43,338: hello world 1579154923.34
[rosout][INFO] 2020-01-16 12:08:45,334: hello world 1579154925.33
[rosout][INFO] 2020-01-16 12:08:47,368: hello world 1579154927.37
[rosout][INFO] 2020-01-16 12:08:49,378: hello world 1579154929.38
[rosout][INFO] 2020-01-16 12:08:51,404: hello world 1579154931.4
[rosout][INFO] 2020-01-16 12:08:53,391: hello world 1579154933.39
[rosout][INFO] 2020-01-16 12:08:55,394: hello world 1579154935.39
[rosout][INFO] 2020-01-16 12:08:57,384: hello world 1579154937.38
[rosout][INFO] 2020-01-16 12:08:59,382: hello world 1579154939.38
[rosout][INFO] 2020-01-16 12:09:01,397: hello world 1579154941.4
[rosout][INFO] 2020-01-16 12:09:03,418: hello world 1579154943.42
[rosout][INFO] 2020-01-16 12:09:05,424: hello world 1579154945.42
[rosout][INFO] 2020-01-16 12:09:07,438: hello world 1579154947.44
[rosout][INFO] 2020-01-16 12:09:09,444: hello world 1579154949.44
[rosout][INFO] 2020-01-16 12:09:11,490: hello world 1579154951.49
[rosout][INFO] 2020-01-16 12:09:13,509: hello world 1579154953.51
[rosout][INFO] 2020-01-16 12:09:15,536: hello world 1579154955.54
[rosout][INFO] 2020-01-16 12:09:17,571: hello world 1579154957.57
[rosout][INFO] 2020-01-16 12:09:19,561: hello world 1579154959.56
[rosout][INFO] 2020-01-16 12:09:21,594: hello world 1579154961.59
[rosout][INFO] 2020-01-16 12:09:23,582: hello world 1579154963.58
[rosout][INFO] 2020-01-16 12:09:25,581: hello world 1579154965.58
[rosout][INFO] 2020-01-16 12:09:27,608: hello world 1579154967.61
[rosout][INFO] 2020-01-16 12:09:29,618: hello world 1579154969.62
[rosout][INFO] 2020-01-16 12:09:31,618: hello world 1579154971.62
[rosout][INFO] 2020-01-16 12:09:33,671: hello world 1579154973.67
[rosout][INFO] 2020-01-16 12:09:35,684: hello world 1579154975.68
[rosout][INFO] 2020-01-16 12:09:37,690: hello world 1579154977.69
[rosout][INFO] 2020-01-16 12:09:39,717: hello world 1579154979.72
[rosout][INFO] 2020-01-16 12:09:41,727: hello world 1579154981.73
[rosout][INFO] 2020-01-16 12:09:43,753: hello world 1579154983.75
[rosout][INFO] 2020-01-16 12:09:45,750: hello world 1579154985.75
[rosout][INFO] 2020-01-16 12:09:47,773: hello world 1579154987.77
[rosout][INFO] 2020-01-16 12:09:49,788: hello world 1579154989.79
[rosout][INFO] 2020-01-16 12:09:51,821: hello world 1579154991.82
[rosout][INFO] 2020-01-16 12:09:53,819: hello world 1579154993.82
[rosout][INFO] 2020-01-16 12:09:55,841: hello world 1579154995.84
[rosout][INFO] 2020-01-16 12:09:57,852: hello world 1579154997.85
[rosout][INFO] 2020-01-16 12:09:59,862: hello world 1579154999.86
[rosout][INFO] 2020-01-16 12:10:01,892: hello world 1579155001.89
[rosout][INFO] 2020-01-16 12:10:03,869: hello world 1579155003.87
[rosout][INFO] 2020-01-16 12:10:05,881: hello world 1579155005.88
[rosout][INFO] 2020-01-16 12:10:07,867: hello world 1579155007.87
[rosout][INFO] 2020-01-16 12:10:09,901: hello world 1579155009.9
[rosout][INFO] 2020-01-16 12:10:11,898: hello world 1579155011.9
[rosout][INFO] 2020-01-16 12:10:13,974: hello world 1579155013.97
[rosout][INFO] 2020-01-16 12:10:15,993: hello world 1579155015.99
[rosout][INFO] 2020-01-16 12:10:18,029: hello world 1579155018.03
[rosout][INFO] 2020-01-16 12:10:20,042: hello world 1579155020.04
[rosout][INFO] 2020-01-16 12:10:22,049: hello world 1579155022.05
[rosout][INFO] 2020-01-16 12:10:24,046: hello world 1579155024.05
[rosout][INFO] 2020-01-16 12:10:26,111: hello world 1579155026.11
[rosout][INFO] 2020-01-16 12:10:28,144: hello world 1579155028.14
[rosout][INFO] 2020-01-16 12:10:30,118: hello world 1579155030.12
[rosout][INFO] 2020-01-16 12:10:32,125: hello world 1579155032.12
[rosout][INFO] 2020-01-16 12:10:34,095: hello world 1579155034.1
[rosout][INFO] 2020-01-16 12:10:36,105: hello world 1579155036.11
[rosout][INFO] 2020-01-16 12:10:38,119: hello world 1579155038.12
[rosout][INFO] 2020-01-16 12:10:40,134: hello world 1579155040.13
[rosout][INFO] 2020-01-16 12:10:42,137: hello world 1579155042.14
[rosout][INFO] 2020-01-16 12:10:44,164: hello world 1579155044.16
[rosout][INFO] 2020-01-16 12:10:46,171: hello world 1579155046.17
[rosout][INFO] 2020-01-16 12:10:48,174: hello world 1579155048.17
[rosout][INFO] 2020-01-16 12:10:50,164: hello world 1579155050.16
[rosout][INFO] 2020-01-16 12:10:52,204: hello world 1579155052.2
[rosout][INFO] 2020-01-16 12:10:54,177: hello world 1579155054.18
[rosout][INFO] 2020-01-16 12:10:56,201: hello world 1579155056.2
[rosout][INFO] 2020-01-16 12:10:58,210: hello world 1579155058.21
[rosout][INFO] 2020-01-16 12:11:00,239: hello world 1579155060.24
[rosout][INFO] 2020-01-16 12:11:02,279: hello world 1579155062.28
[rosout][INFO] 2020-01-16 12:11:04,263: hello world 1579155064.26
[rosout][INFO] 2020-01-16 12:11:06,292: hello world 1579155066.29
[rosout][INFO] 2020-01-16 12:11:08,289: hello world 1579155068.29
[rosout][INFO] 2020-01-16 12:11:10,319: hello world 1579155070.32
[rosout][INFO] 2020-01-16 12:11:12,335: hello world 1579155072.34
[rosout][INFO] 2020-01-16 12:11:14,372: hello world 1579155074.37
[rosout][INFO] 2020-01-16 12:11:16,358: hello world 1579155076.36
[rosout][INFO] 2020-01-16 12:11:18,384: hello world 1579155078.38
[rosout][INFO] 2020-01-16 12:11:20,387: hello world 1579155080.39
[rosout][INFO] 2020-01-16 12:11:22,535: hello world 1579155082.54
[rosout][INFO] 2020-01-16 12:11:24,588: hello world 1579155084.59
[rosout][INFO] 2020-01-16 12:11:26,592: hello world 1579155086.59
[rosout][INFO] 2020-01-16 12:11:28,598: hello world 1579155088.6
[rosout][INFO] 2020-01-16 12:11:30,612: hello world 1579155090.61
[rosout][INFO] 2020-01-16 12:11:32,653: hello world 1579155092.65
[rosout][INFO] 2020-01-16 12:11:34,677: hello world 1579155094.68
[rosout][INFO] 2020-01-16 12:11:36,684: hello world 1579155096.68
[rosout][INFO] 2020-01-16 12:11:38,730: hello world 1579155098.73
[rosout][INFO] 2020-01-16 12:11:40,732: hello world 1579155100.73
[rosout][INFO] 2020-01-16 12:11:42,773: hello world 1579155102.77
[rosout][INFO] 2020-01-16 12:11:44,789: hello world 1579155104.79
[rosout][INFO] 2020-01-16 12:11:46,845: hello world 1579155106.85
[rosout][INFO] 2020-01-16 12:11:48,822: hello world 1579155108.82
[rosout][INFO] 2020-01-16 12:11:50,845: hello world 1579155110.85
[rosout][INFO] 2020-01-16 12:11:52,838: hello world 1579155112.84
[rosout][INFO] 2020-01-16 12:11:54,871: hello world 1579155114.87
[rosout][INFO] 2020-01-16 12:11:56,923: hello world 1579155116.92
[rosout][INFO] 2020-01-16 12:11:58,938: hello world 1579155118.94
[rosout][INFO] 2020-01-16 12:12:00,959: hello world 1579155120.96
[rosout][INFO] 2020-01-16 12:12:02,966: hello world 1579155122.97
[rosout][INFO] 2020-01-16 12:12:04,986: hello world 1579155124.99
[rosout][INFO] 2020-01-16 12:12:06,967: hello world 1579155126.97
[rosout][INFO] 2020-01-16 12:12:08,997: hello world 1579155129.0
[rosout][INFO] 2020-01-16 12:12:10,980: hello world 1579155130.98
[rosout][INFO] 2020-01-16 12:12:13,013: hello world 1579155133.01
[rosout][INFO] 2020-01-16 12:12:15,013: hello world 1579155135.01
[rosout][INFO] 2020-01-16 12:12:17,052: hello world 1579155137.05
[rosout][INFO] 2020-01-16 12:12:19,058: hello world 1579155139.06
[rosout][INFO] 2020-01-16 12:12:21,094: hello world 1579155141.09
[rosout][INFO] 2020-01-16 12:12:23,135: hello world 1579155143.14
[rosout][INFO] 2020-01-16 12:12:25,134: hello world 1579155145.13
[rosout][INFO] 2020-01-16 12:12:27,158: hello world 1579155147.16
[rosout][INFO] 2020-01-16 12:12:29,153: hello world 1579155149.15
[rosout][INFO] 2020-01-16 12:12:31,197: hello world 1579155151.2
[rosout][INFO] 2020-01-16 12:12:33,206: hello world 1579155153.21
[rosout][INFO] 2020-01-16 12:12:35,252: hello world 1579155155.25
[rosout][INFO] 2020-01-16 12:12:37,289: hello world 1579155157.29
[rosout][INFO] 2020-01-16 12:12:39,296: hello world 1579155159.3
[rosout][INFO] 2020-01-16 12:12:41,328: hello world 1579155161.33
[rosout][INFO] 2020-01-16 12:12:43,313: hello world 1579155163.31
[rosout][INFO] 2020-01-16 12:12:45,329: hello world 1579155165.33
[rosout][INFO] 2020-01-16 12:12:47,315: hello world 1579155167.32
[rosout][INFO] 2020-01-16 12:12:49,369: hello world 1579155169.37
[rosout][INFO] 2020-01-16 12:12:51,358: hello world 1579155171.36
[rosout][INFO] 2020-01-16 12:12:53,413: hello world 1579155173.41
[rosout][INFO] 2020-01-16 12:12:55,408: hello world 1579155175.41
[rosout][INFO] 2020-01-16 12:12:57,460: hello world 1579155177.46
[rosout][INFO] 2020-01-16 12:12:59,457: hello world 1579155179.46
[rosout][INFO] 2020-01-16 12:13:01,480: hello world 1579155181.48
[rosout][INFO] 2020-01-16 12:13:03,469: hello world 1579155183.47
[rosout][INFO] 2020-01-16 12:13:05,500: hello world 1579155185.5
[rosout][INFO] 2020-01-16 12:13:07,500: hello world 1579155187.5
[rosout][INFO] 2020-01-16 12:13:09,516: hello world 1579155189.52
[rosout][INFO] 2020-01-16 12:13:11,513: hello world 1579155191.51
[rosout][INFO] 2020-01-16 12:13:13,529: hello world 1579155193.53
[rosout][INFO] 2020-01-16 12:13:15,530: hello world 1579155195.53
[rosout][INFO] 2020-01-16 12:13:17,585: hello world 1579155197.58
[rosout][INFO] 2020-01-16 12:13:19,601: hello world 1579155199.6
[rosout][INFO] 2020-01-16 12:13:21,625: hello world 1579155201.62
[rosout][INFO] 2020-01-16 12:13:23,651: hello world 1579155203.65
[rosout][INFO] 2020-01-16 12:13:25,642: hello world 1579155205.64
[rosout][INFO] 2020-01-16 12:13:27,674: hello world 1579155207.67
[rosout][INFO] 2020-01-16 12:13:29,663: hello world 1579155209.66
[rosout][INFO] 2020-01-16 12:13:31,687: hello world 1579155211.69
[rosout][INFO] 2020-01-16 12:13:33,698: hello world 1579155213.7
[rosout][INFO] 2020-01-16 12:13:35,790: hello world 1579155215.79
[rosout][INFO] 2020-01-16 12:13:37,887: hello world 1579155217.89
[rosout][INFO] 2020-01-16 12:13:39,910: hello world 1579155219.91
[rosout][INFO] 2020-01-16 12:13:41,915: hello world 1579155221.92
[rosout][INFO] 2020-01-16 12:13:43,926: hello world 1579155223.93
[rosout][INFO] 2020-01-16 12:13:45,921: hello world 1579155225.92
[rosout][INFO] 2020-01-16 12:13:47,948: hello world 1579155227.95
[rosout][INFO] 2020-01-16 12:13:49,938: hello world 1579155229.94
[rosout][INFO] 2020-01-16 12:13:51,957: hello world 1579155231.96
[rosout][INFO] 2020-01-16 12:13:53,989: hello world 1579155233.99
[rosout][INFO] 2020-01-16 12:13:56,039: hello world 1579155236.04
[rosout][INFO] 2020-01-16 12:13:58,023: hello world 1579155238.02
[rosout][INFO] 2020-01-16 12:14:00,046: hello world 1579155240.05
[rosout][INFO] 2020-01-16 12:14:02,065: hello world 1579155242.07
[rosout][INFO] 2020-01-16 12:14:04,111: hello world 1579155244.11
[rosout][INFO] 2020-01-16 12:14:06,109: hello world 1579155246.11
[rosout][INFO] 2020-01-16 12:14:08,145: hello world 1579155248.15
[rosout][INFO] 2020-01-16 12:14:10,174: hello world 1579155250.17
[rosout][INFO] 2020-01-16 12:14:12,226: hello world 1579155252.23
[rosout][INFO] 2020-01-16 12:14:14,242: hello world 1579155254.24
[rosout][INFO] 2020-01-16 12:14:16,267: hello world 1579155256.27
[rosout][INFO] 2020-01-16 12:14:18,282: hello world 1579155258.28
[rosout][INFO] 2020-01-16 12:14:20,328: hello world 1579155260.33
[rosout][INFO] 2020-01-16 12:14:22,345: hello world 1579155262.35
