[rospy.client][INFO] 2020-01-16 15:20:47,463: init_node, name[/talker_4676_1579166447452], pid[4676]
[xmlrpc][INFO] 2020-01-16 15:20:47,464: XML-RPC server binding to 0.0.0.0:0
[xmlrpc][INFO] 2020-01-16 15:20:47,467: Started XML-RPC server [http://192.168.0.118:54359/]
[rospy.init][INFO] 2020-01-16 15:20:47,467: ROS Slave URI: [http://192.168.0.118:54359/]
[rospy.impl.masterslave][INFO] 2020-01-16 15:20:47,467: _ready: http://192.168.0.118:54359/
[xmlrpc][INFO] 2020-01-16 15:20:47,470: xml rpc node: starting XML-RPC server
[rospy.registration][INFO] 2020-01-16 15:20:47,471: Registering with master node http://192.168.0.143:11311
[rospy.registration][INFO] 2020-01-16 15:20:47,471: Registering publisher topic [/chatter] type [std_msgs/String] with master
[rospy.init][INFO] 2020-01-16 15:20:47,571: registered with master
[rospy.rosout][INFO] 2020-01-16 15:20:47,571: initializing /rosout core topic
[rospy.rosout][INFO] 2020-01-16 15:20:47,607: connected to core topic /rosout
[rospy.simtime][INFO] 2020-01-16 15:20:47,631: /use_sim_time is not set, will not subscribe to simulated time [/clock] topic
[rosout][INFO] 2020-01-16 15:20:47,688: hello world 1579166447.69
[rosout][INFO] 2020-01-16 15:20:49,749: hello world 1579166449.75
[rospy.internal][INFO] 2020-01-16 15:20:51,901: topic[/rosout] adding connection to [/rosout], count 0
[rosout][INFO] 2020-01-16 15:20:51,901: hello world 1579166451.9
[rosout][INFO] 2020-01-16 15:20:54,020: hello world 1579166454.02
[rosout][INFO] 2020-01-16 15:20:56,032: hello world 1579166456.03
[rosout][INFO] 2020-01-16 15:20:58,036: hello world 1579166458.04
[rosout][INFO] 2020-01-16 15:21:00,052: hello world 1579166460.05
[rosout][INFO] 2020-01-16 15:21:02,118: hello world 1579166462.12
[rosout][INFO] 2020-01-16 15:21:04,160: hello world 1579166464.16
[rosout][INFO] 2020-01-16 15:21:06,190: hello world 1579166466.19
[rosout][INFO] 2020-01-16 15:21:08,253: hello world 1579166468.25
[rosout][INFO] 2020-01-16 15:21:10,204: hello world 1579166470.2
[rospy.internal][INFO] 2020-01-16 15:21:12,279: topic[/chatter] adding connection to [/rostopic_10265_1579166469606], count 0
[rosout][INFO] 2020-01-16 15:21:12,279: hello world 1579166472.28
[rosout][INFO] 2020-01-16 15:21:14,358: hello world 1579166474.36
[rosout][INFO] 2020-01-16 15:21:16,394: hello world 1579166476.39
[rosout][INFO] 2020-01-16 15:21:18,437: hello world 1579166478.44
[rosout][INFO] 2020-01-16 15:21:20,496: hello world 1579166480.5
[rosout][INFO] 2020-01-16 15:21:22,535: hello world 1579166482.54
[rosout][INFO] 2020-01-16 15:21:24,500: hello world 1579166484.5
[rosout][INFO] 2020-01-16 15:21:26,532: hello world 1579166486.53
[rosout][INFO] 2020-01-16 15:21:28,584: hello world 1579166488.58
[rosout][INFO] 2020-01-16 15:21:30,605: hello world 1579166490.61
[rosout][INFO] 2020-01-16 15:21:32,674: hello world 1579166492.67
[rosout][INFO] 2020-01-16 15:21:34,733: hello world 1579166494.73
[rosout][INFO] 2020-01-16 15:21:36,802: hello world 1579166496.8
[rosout][INFO] 2020-01-16 15:21:38,848: hello world 1579166498.85
[rosout][INFO] 2020-01-16 15:21:40,957: hello world 1579166500.96
[rosout][INFO] 2020-01-16 15:21:43,154: hello world 1579166503.15
[rosout][INFO] 2020-01-16 15:21:45,555: hello world 1579166505.56
[rosout][INFO] 2020-01-16 15:21:47,734: hello world 1579166507.73
[rosout][INFO] 2020-01-16 15:21:49,730: hello world 1579166509.73
[rosout][INFO] 2020-01-16 15:21:51,766: hello world 1579166511.77
[rosout][INFO] 2020-01-16 15:21:53,803: hello world 1579166513.8
[rosout][INFO] 2020-01-16 15:21:55,825: hello world 1579166515.83
[rosout][INFO] 2020-01-16 15:21:57,878: hello world 1579166517.88
[rosout][INFO] 2020-01-16 15:21:59,844: hello world 1579166519.84
[rosout][INFO] 2020-01-16 15:22:01,898: hello world 1579166521.9
[rosout][INFO] 2020-01-16 15:22:03,891: hello world 1579166523.89
[rosout][INFO] 2020-01-16 15:22:05,901: hello world 1579166525.9
[rosout][INFO] 2020-01-16 15:22:08,312: hello world 1579166528.31
[rosout][INFO] 2020-01-16 15:22:10,318: hello world 1579166530.32
[rosout][INFO] 2020-01-16 15:22:12,382: hello world 1579166532.38
[rosout][INFO] 2020-01-16 15:22:14,371: hello world 1579166534.37
[rosout][INFO] 2020-01-16 15:22:16,444: hello world 1579166536.44
[rosout][INFO] 2020-01-16 15:22:18,558: hello world 1579166538.56
[rosout][INFO] 2020-01-16 15:22:21,486: hello world 1579166541.49
[rosout][INFO] 2020-01-16 15:22:23,525: hello world 1579166543.53
[rosout][INFO] 2020-01-16 15:22:25,503: hello world 1579166545.5
[rosout][INFO] 2020-01-16 15:22:27,486: hello world 1579166547.49
[rosout][INFO] 2020-01-16 15:22:29,661: hello world 1579166549.66
[rosout][INFO] 2020-01-16 15:22:34,276: hello world 1579166554.28
[rosout][INFO] 2020-01-16 15:22:36,220: hello world 1579166556.22
[rosout][INFO] 2020-01-16 15:22:38,196: hello world 1579166558.2
[rosout][INFO] 2020-01-16 15:22:40,209: hello world 1579166560.21
[rosout][INFO] 2020-01-16 15:22:42,187: hello world 1579166562.19
[rosout][INFO] 2020-01-16 15:22:44,184: hello world 1579166564.18
[rosout][INFO] 2020-01-16 15:22:46,181: hello world 1579166566.18
[rosout][INFO] 2020-01-16 15:22:48,177: hello world 1579166568.18
[rosout][INFO] 2020-01-16 15:22:50,209: hello world 1579166570.21
[rosout][INFO] 2020-01-16 15:22:52,207: hello world 1579166572.21
[rosout][INFO] 2020-01-16 15:22:54,226: hello world 1579166574.23
[rosout][INFO] 2020-01-16 15:22:56,198: hello world 1579166576.2
[rosout][INFO] 2020-01-16 15:22:58,147: hello world 1579166578.15
[rosout][INFO] 2020-01-16 15:23:00,131: hello world 1579166580.13
[rosout][INFO] 2020-01-16 15:23:02,098: hello world 1579166582.1
[rosout][INFO] 2020-01-16 15:23:04,082: hello world 1579166584.08
[rosout][INFO] 2020-01-16 15:23:06,065: hello world 1579166586.07
[rosout][INFO] 2020-01-16 15:23:08,033: hello world 1579166588.03
[rosout][INFO] 2020-01-16 15:23:10,012: hello world 1579166590.01
[rosout][INFO] 2020-01-16 15:23:12,009: hello world 1579166592.01
[rosout][INFO] 2020-01-16 15:23:13,967: hello world 1579166593.97
[rosout][INFO] 2020-01-16 15:23:15,950: hello world 1579166595.95
[rosout][INFO] 2020-01-16 15:23:17,937: hello world 1579166597.94
[rosout][INFO] 2020-01-16 15:23:19,947: hello world 1579166599.95
[rosout][INFO] 2020-01-16 15:23:21,940: hello world 1579166601.94
[rosout][INFO] 2020-01-16 15:23:23,920: hello world 1579166603.92
[rosout][INFO] 2020-01-16 15:23:25,895: hello world 1579166605.9
[rosout][INFO] 2020-01-16 15:23:27,875: hello world 1579166607.87
[rosout][INFO] 2020-01-16 15:23:29,839: hello world 1579166609.84
[rosout][INFO] 2020-01-16 15:23:31,799: hello world 1579166611.8
[rosout][INFO] 2020-01-16 15:23:33,802: hello world 1579166613.8
[rosout][INFO] 2020-01-16 15:23:35,759: hello world 1579166615.76
[rosout][INFO] 2020-01-16 15:23:37,750: hello world 1579166617.75
[rosout][INFO] 2020-01-16 15:23:39,723: hello world 1579166619.72
[rosout][INFO] 2020-01-16 15:23:41,694: hello world 1579166621.69
[rosout][INFO] 2020-01-16 15:23:43,684: hello world 1579166623.68
[rosout][INFO] 2020-01-16 15:23:45,836: hello world 1579166625.84
[rosout][INFO] 2020-01-16 15:23:47,823: hello world 1579166627.82
[rosout][INFO] 2020-01-16 15:23:49,867: hello world 1579166629.87
[rosout][INFO] 2020-01-16 15:23:51,844: hello world 1579166631.84
[rosout][INFO] 2020-01-16 15:23:53,816: hello world 1579166633.82
[rosout][INFO] 2020-01-16 15:23:55,790: hello world 1579166635.79
[rosout][INFO] 2020-01-16 15:23:57,772: hello world 1579166637.77
[rosout][INFO] 2020-01-16 15:23:59,755: hello world 1579166639.76
[rosout][INFO] 2020-01-16 15:24:01,746: hello world 1579166641.75
[rosout][INFO] 2020-01-16 15:24:03,710: hello world 1579166643.71
[rosout][INFO] 2020-01-16 15:24:05,694: hello world 1579166645.69
[rosout][INFO] 2020-01-16 15:24:07,676: hello world 1579166647.68
[rosout][INFO] 2020-01-16 15:24:09,671: hello world 1579166649.67
[rosout][INFO] 2020-01-16 15:24:11,614: hello world 1579166651.61
[rosout][INFO] 2020-01-16 15:24:13,595: hello world 1579166653.6
[rosout][INFO] 2020-01-16 15:24:15,563: hello world 1579166655.56
[rosout][INFO] 2020-01-16 15:24:17,542: hello world 1579166657.54
[rosout][INFO] 2020-01-16 15:24:19,517: hello world 1579166659.52
[rosout][INFO] 2020-01-16 15:24:21,510: hello world 1579166661.51
[rosout][INFO] 2020-01-16 15:24:23,487: hello world 1579166663.49
[rosout][INFO] 2020-01-16 15:24:25,466: hello world 1579166665.47
[rosout][INFO] 2020-01-16 15:24:27,459: hello world 1579166667.46
[rosout][INFO] 2020-01-16 15:24:29,437: hello world 1579166669.44
[rosout][INFO] 2020-01-16 15:24:31,411: hello world 1579166671.41
[rosout][INFO] 2020-01-16 15:24:33,394: hello world 1579166673.39
[rosout][INFO] 2020-01-16 15:24:35,369: hello world 1579166675.37
[rosout][INFO] 2020-01-16 15:24:37,348: hello world 1579166677.35
[rosout][INFO] 2020-01-16 15:24:39,346: hello world 1579166679.35
[rosout][INFO] 2020-01-16 15:24:41,322: hello world 1579166681.32
[rosout][INFO] 2020-01-16 15:24:43,312: hello world 1579166683.31
[rosout][INFO] 2020-01-16 15:24:45,292: hello world 1579166685.29
[rosout][INFO] 2020-01-16 15:24:47,260: hello world 1579166687.26
[rosout][INFO] 2020-01-16 15:24:49,243: hello world 1579166689.24
[rosout][INFO] 2020-01-16 15:24:51,236: hello world 1579166691.24
[rosout][INFO] 2020-01-16 15:24:53,269: hello world 1579166693.27
[rosout][INFO] 2020-01-16 15:24:55,289: hello world 1579166695.29
[rosout][INFO] 2020-01-16 15:24:57,273: hello world 1579166697.27
[rosout][INFO] 2020-01-16 15:24:59,257: hello world 1579166699.26
