[rospy.client][INFO] 2020-01-22 16:01:36,782: init_node, name[/talker_7284_1579687296746], pid[7284]
[xmlrpc][INFO] 2020-01-22 16:01:36,782: XML-RPC server binding to 0.0.0.0:0
[xmlrpc][INFO] 2020-01-22 16:01:36,786: Started XML-RPC server [http://192.168.56.1:61316/]
[rospy.init][INFO] 2020-01-22 16:01:36,786: ROS Slave URI: [http://192.168.56.1:61316/]
[rospy.impl.masterslave][INFO] 2020-01-22 16:01:36,786: _ready: http://192.168.56.1:61316/
[xmlrpc][INFO] 2020-01-22 16:01:36,788: xml rpc node: starting XML-RPC server
[rospy.registration][INFO] 2020-01-22 16:01:36,789: Registering with master node http://169.254.72.91:11311
[rospy.registration][INFO] 2020-01-22 16:01:36,789: Registering publisher topic [/chatter] type [std_msgs/String] with master
[rospy.init][INFO] 2020-01-22 16:01:36,888: registered with master
[rospy.rosout][INFO] 2020-01-22 16:01:36,888: initializing /rosout core topic
[rospy.rosout][INFO] 2020-01-22 16:01:36,897: connected to core topic /rosout
[rospy.simtime][INFO] 2020-01-22 16:01:36,903: /use_sim_time is not set, will not subscribe to simulated time [/clock] topic
[rosout][INFO] 2020-01-22 16:01:37,887: wud up my dudes 1579687297.89
[rosout][INFO] 2020-01-22 16:01:38,999: wud up my dudes 1579687299.0
[rosout][INFO] 2020-01-22 16:01:40,052: wud up my dudes 1579687300.05
[rosout][INFO] 2020-01-22 16:01:41,058: wud up my dudes 1579687301.06
[rosout][INFO] 2020-01-22 16:01:42,194: wud up my dudes 1579687302.19
[rosout][INFO] 2020-01-22 16:01:43,444: wud up my dudes 1579687303.44
[rosout][INFO] 2020-01-22 16:01:44,565: wud up my dudes 1579687304.57
[rosout][INFO] 2020-01-22 16:01:45,563: wud up my dudes 1579687305.56
[rosout][INFO] 2020-01-22 16:01:46,647: wud up my dudes 1579687306.65
[rosout][INFO] 2020-01-22 16:01:47,711: wud up my dudes 1579687307.71
[rosout][INFO] 2020-01-22 16:01:48,905: wud up my dudes 1579687308.91
[rosout][INFO] 2020-01-22 16:01:49,982: wud up my dudes 1579687309.98
[rosout][INFO] 2020-01-22 16:01:51,023: wud up my dudes 1579687311.02
[rosout][INFO] 2020-01-22 16:01:52,026: wud up my dudes 1579687312.03
[rosout][INFO] 2020-01-22 16:01:53,046: wud up my dudes 1579687313.05
[rosout][INFO] 2020-01-22 16:01:54,111: wud up my dudes 1579687314.11
[rosout][INFO] 2020-01-22 16:01:55,216: wud up my dudes 1579687315.22
[rosout][INFO] 2020-01-22 16:01:56,273: wud up my dudes 1579687316.27
[rosout][INFO] 2020-01-22 16:01:57,276: wud up my dudes 1579687317.28
[rosout][INFO] 2020-01-22 16:01:58,326: wud up my dudes 1579687318.33
[rosout][INFO] 2020-01-22 16:01:59,381: wud up my dudes 1579687319.38
[rosout][INFO] 2020-01-22 16:02:00,480: wud up my dudes 1579687320.48
[rosout][INFO] 2020-01-22 16:02:01,503: wud up my dudes 1579687321.5
[rosout][INFO] 2020-01-22 16:02:02,506: wud up my dudes 1579687322.51
[rosout][INFO] 2020-01-22 16:02:03,624: wud up my dudes 1579687323.62
[rosout][INFO] 2020-01-22 16:02:04,595: wud up my dudes 1579687324.59
[rosout][INFO] 2020-01-22 16:02:05,634: wud up my dudes 1579687325.63
[rosout][INFO] 2020-01-22 16:02:06,638: wud up my dudes 1579687326.64
[rosout][INFO] 2020-01-22 16:02:07,645: wud up my dudes 1579687327.65
[rosout][INFO] 2020-01-22 16:02:08,865: wud up my dudes 1579687328.87
[rosout][INFO] 2020-01-22 16:02:09,910: wud up my dudes 1579687329.91
[rosout][INFO] 2020-01-22 16:02:11,052: wud up my dudes 1579687331.05
[rosout][INFO] 2020-01-22 16:02:12,059: wud up my dudes 1579687332.06
[rosout][INFO] 2020-01-22 16:02:13,157: wud up my dudes 1579687333.16
[rosout][INFO] 2020-01-22 16:02:14,131: wud up my dudes 1579687334.13
[rosout][INFO] 2020-01-22 16:02:15,276: wud up my dudes 1579687335.28
[rosout][INFO] 2020-01-22 16:02:16,351: wud up my dudes 1579687336.35
[rosout][INFO] 2020-01-22 16:02:17,434: wud up my dudes 1579687337.43
[rosout][INFO] 2020-01-22 16:02:18,437: wud up my dudes 1579687338.44
[rosout][INFO] 2020-01-22 16:02:19,555: wud up my dudes 1579687339.55
[rosout][INFO] 2020-01-22 16:02:20,630: wud up my dudes 1579687340.63
[rosout][INFO] 2020-01-22 16:02:21,678: wud up my dudes 1579687341.68
[rosout][INFO] 2020-01-22 16:02:22,743: wud up my dudes 1579687342.74
[rosout][INFO] 2020-01-22 16:02:23,885: wud up my dudes 1579687343.89
[rosout][INFO] 2020-01-22 16:02:24,923: wud up my dudes 1579687344.92
[rosout][INFO] 2020-01-22 16:02:25,993: wud up my dudes 1579687345.99
[rosout][INFO] 2020-01-22 16:02:27,062: wud up my dudes 1579687347.06
[rosout][INFO] 2020-01-22 16:02:28,197: wud up my dudes 1579687348.2
[rosout][INFO] 2020-01-22 16:02:29,266: wud up my dudes 1579687349.27
[rosout][INFO] 2020-01-22 16:02:30,437: wud up my dudes 1579687350.44
[rosout][INFO] 2020-01-22 16:02:31,506: wud up my dudes 1579687351.51
[rosout][INFO] 2020-01-22 16:02:32,549: wud up my dudes 1579687352.55
[rosout][INFO] 2020-01-22 16:02:33,568: wud up my dudes 1579687353.57
[rosout][INFO] 2020-01-22 16:02:34,625: wud up my dudes 1579687354.62
[rosout][INFO] 2020-01-22 16:02:35,740: wud up my dudes 1579687355.74
[rosout][INFO] 2020-01-22 16:02:36,816: wud up my dudes 1579687356.82
[rosout][INFO] 2020-01-22 16:02:37,865: wud up my dudes 1579687357.87
[rosout][INFO] 2020-01-22 16:02:39,016: wud up my dudes 1579687359.02
[rosout][INFO] 2020-01-22 16:02:40,048: wud up my dudes 1579687360.05
[rosout][INFO] 2020-01-22 16:02:41,173: wud up my dudes 1579687361.17
[rosout][INFO] 2020-01-22 16:02:42,213: wud up my dudes 1579687362.21
[rosout][INFO] 2020-01-22 16:02:43,181: wud up my dudes 1579687363.18
[rosout][INFO] 2020-01-22 16:02:44,312: wud up my dudes 1579687364.31
[rosout][INFO] 2020-01-22 16:02:45,283: wud up my dudes 1579687365.28
[rosout][INFO] 2020-01-22 16:02:46,355: wud up my dudes 1579687366.36
[rosout][INFO] 2020-01-22 16:02:47,378: wud up my dudes 1579687367.38
[rosout][INFO] 2020-01-22 16:02:48,394: wud up my dudes 1579687368.39
[rosout][INFO] 2020-01-22 16:02:49,513: wud up my dudes 1579687369.51
[rosout][INFO] 2020-01-22 16:02:50,598: wud up my dudes 1579687370.6
[rosout][INFO] 2020-01-22 16:02:51,693: wud up my dudes 1579687371.69
[rosout][INFO] 2020-01-22 16:02:52,720: wud up my dudes 1579687372.72
[rosout][INFO] 2020-01-22 16:02:53,875: wud up my dudes 1579687373.88
[rosout][INFO] 2020-01-22 16:02:55,026: wud up my dudes 1579687375.03
[rosout][INFO] 2020-01-22 16:02:56,114: wud up my dudes 1579687376.11
[rosout][INFO] 2020-01-22 16:02:57,095: wud up my dudes 1579687377.1
[rosout][INFO] 2020-01-22 16:02:58,134: wud up my dudes 1579687378.13
[rosout][INFO] 2020-01-22 16:02:59,257: wud up my dudes 1579687379.26
[rosout][INFO] 2020-01-22 16:03:00,318: wud up my dudes 1579687380.32
[rosout][INFO] 2020-01-22 16:03:01,342: wud up my dudes 1579687381.34
[rosout][INFO] 2020-01-22 16:03:02,407: wud up my dudes 1579687382.41
[rosout][INFO] 2020-01-22 16:03:03,579: wud up my dudes 1579687383.58
[rosout][INFO] 2020-01-22 16:03:04,651: wud up my dudes 1579687384.65
[rosout][INFO] 2020-01-22 16:03:05,756: wud up my dudes 1579687385.76
[rosout][INFO] 2020-01-22 16:03:06,717: wud up my dudes 1579687386.72
[rosout][INFO] 2020-01-22 16:03:07,778: wud up my dudes 1579687387.78
[rosout][INFO] 2020-01-22 16:03:08,888: wud up my dudes 1579687388.89
[rosout][INFO] 2020-01-22 16:03:10,019: wud up my dudes 1579687390.02
[rosout][INFO] 2020-01-22 16:03:11,096: wud up my dudes 1579687391.1
[rosout][INFO] 2020-01-22 16:03:12,138: wud up my dudes 1579687392.14
[rosout][INFO] 2020-01-22 16:03:13,266: wud up my dudes 1579687393.27
[rosout][INFO] 2020-01-22 16:03:14,372: wud up my dudes 1579687394.37
[rosout][INFO] 2020-01-22 16:03:15,400: wud up my dudes 1579687395.4
[rosout][INFO] 2020-01-22 16:03:16,436: wud up my dudes 1579687396.44
[rosout][INFO] 2020-01-22 16:03:17,476: wud up my dudes 1579687397.48
[rosout][INFO] 2020-01-22 16:03:18,555: wud up my dudes 1579687398.56
[rosout][INFO] 2020-01-22 16:03:19,724: wud up my dudes 1579687399.72
[rosout][INFO] 2020-01-22 16:03:20,924: wud up my dudes 1579687400.92
[rosout][INFO] 2020-01-22 16:03:21,911: wud up my dudes 1579687401.91
[rosout][INFO] 2020-01-22 16:03:23,096: wud up my dudes 1579687403.1
[rosout][INFO] 2020-01-22 16:03:24,229: wud up my dudes 1579687404.23
[rosout][INFO] 2020-01-22 16:03:25,232: wud up my dudes 1579687405.23
[rosout][INFO] 2020-01-22 16:03:26,256: wud up my dudes 1579687406.26
[rosout][INFO] 2020-01-22 16:03:27,299: wud up my dudes 1579687407.3
[rosout][INFO] 2020-01-22 16:03:28,438: wud up my dudes 1579687408.44
[rosout][INFO] 2020-01-22 16:03:29,592: wud up my dudes 1579687409.59
[rosout][INFO] 2020-01-22 16:03:30,782: wud up my dudes 1579687410.78
[rosout][INFO] 2020-01-22 16:03:31,821: wud up my dudes 1579687411.82
[rosout][INFO] 2020-01-22 16:03:32,946: wud up my dudes 1579687412.95
[rosout][INFO] 2020-01-22 16:03:33,970: wud up my dudes 1579687413.97
[rosout][INFO] 2020-01-22 16:03:35,108: wud up my dudes 1579687415.11
[rosout][INFO] 2020-01-22 16:03:36,142: wud up my dudes 1579687416.14
[rosout][INFO] 2020-01-22 16:03:37,127: wud up my dudes 1579687417.13
[rosout][INFO] 2020-01-22 16:03:38,203: wud up my dudes 1579687418.2
[rosout][INFO] 2020-01-22 16:03:39,249: wud up my dudes 1579687419.25
[rosout][INFO] 2020-01-22 16:03:40,332: wud up my dudes 1579687420.33
[rosout][INFO] 2020-01-22 16:03:41,397: wud up my dudes 1579687421.4
[rosout][INFO] 2020-01-22 16:03:42,436: wud up my dudes 1579687422.44
[rosout][INFO] 2020-01-22 16:03:43,512: wud up my dudes 1579687423.51
[rosout][INFO] 2020-01-22 16:03:44,647: wud up my dudes 1579687424.65
[rosout][INFO] 2020-01-22 16:03:45,690: wud up my dudes 1579687425.69
[rosout][INFO] 2020-01-22 16:03:46,739: wud up my dudes 1579687426.74
[rosout][INFO] 2020-01-22 16:03:47,811: wud up my dudes 1579687427.81
[rosout][INFO] 2020-01-22 16:03:48,878: wud up my dudes 1579687428.88
[rosout][INFO] 2020-01-22 16:03:49,904: wud up my dudes 1579687429.9
[rosout][INFO] 2020-01-22 16:03:51,045: wud up my dudes 1579687431.05
[rosout][INFO] 2020-01-22 16:03:52,026: wud up my dudes 1579687432.03
[rosout][INFO] 2020-01-22 16:03:53,184: wud up my dudes 1579687433.18
[rosout][INFO] 2020-01-22 16:03:54,256: wud up my dudes 1579687434.26
[rosout][INFO] 2020-01-22 16:03:55,345: wud up my dudes 1579687435.35
[rosout][INFO] 2020-01-22 16:03:56,345: wud up my dudes 1579687436.35
[rosout][INFO] 2020-01-22 16:03:57,309: wud up my dudes 1579687437.31
[rosout][INFO] 2020-01-22 16:03:58,312: wud up my dudes 1579687438.31
[rosout][INFO] 2020-01-22 16:03:59,434: wud up my dudes 1579687439.43
[rosout][INFO] 2020-01-22 16:04:00,411: wud up my dudes 1579687440.41
[rosout][INFO] 2020-01-22 16:04:01,507: wud up my dudes 1579687441.51
[rosout][INFO] 2020-01-22 16:04:02,548: wud up my dudes 1579687442.55
[rosout][INFO] 2020-01-22 16:04:03,654: wud up my dudes 1579687443.65
[rosout][INFO] 2020-01-22 16:04:04,697: wud up my dudes 1579687444.7
[rosout][INFO] 2020-01-22 16:04:05,825: wud up my dudes 1579687445.83
[rosout][INFO] 2020-01-22 16:04:06,816: wud up my dudes 1579687446.82
[rosout][INFO] 2020-01-22 16:04:07,852: wud up my dudes 1579687447.85
[rosout][INFO] 2020-01-22 16:04:08,964: wud up my dudes 1579687448.96
[rosout][INFO] 2020-01-22 16:04:10,009: wud up my dudes 1579687450.01
[rosout][INFO] 2020-01-22 16:04:11,137: wud up my dudes 1579687451.14
[rosout][INFO] 2020-01-22 16:04:12,188: wud up my dudes 1579687452.19
[rosout][INFO] 2020-01-22 16:04:13,234: wud up my dudes 1579687453.23
[rosout][INFO] 2020-01-22 16:04:14,209: wud up my dudes 1579687454.21
[rosout][INFO] 2020-01-22 16:04:15,256: wud up my dudes 1579687455.26
[rosout][INFO] 2020-01-22 16:04:16,315: wud up my dudes 1579687456.32
[rosout][INFO] 2020-01-22 16:04:17,371: wud up my dudes 1579687457.37
[rosout][INFO] 2020-01-22 16:04:18,538: wud up my dudes 1579687458.54
[rosout][INFO] 2020-01-22 16:04:19,575: wud up my dudes 1579687459.58
[rosout][INFO] 2020-01-22 16:04:20,701: wud up my dudes 1579687460.7
[rosout][INFO] 2020-01-22 16:04:21,736: wud up my dudes 1579687461.74
[rosout][INFO] 2020-01-22 16:04:22,855: wud up my dudes 1579687462.86
[rosout][INFO] 2020-01-22 16:04:23,878: wud up my dudes 1579687463.88
[rosout][INFO] 2020-01-22 16:04:25,005: wud up my dudes 1579687465.01
[rosout][INFO] 2020-01-22 16:04:26,165: wud up my dudes 1579687466.16
[rosout][INFO] 2020-01-22 16:04:27,180: wud up my dudes 1579687467.18
[rosout][INFO] 2020-01-22 16:04:28,240: wud up my dudes 1579687468.24
[rosout][INFO] 2020-01-22 16:04:29,345: wud up my dudes 1579687469.35
[rosout][INFO] 2020-01-22 16:04:30,471: wud up my dudes 1579687470.47
[rosout][INFO] 2020-01-22 16:04:31,497: wud up my dudes 1579687471.5
[rosout][INFO] 2020-01-22 16:04:32,619: wud up my dudes 1579687472.62
[rosout][INFO] 2020-01-22 16:04:33,759: wud up my dudes 1579687473.76
[rosout][INFO] 2020-01-22 16:04:34,934: wud up my dudes 1579687474.93
[rosout][INFO] 2020-01-22 16:04:35,963: wud up my dudes 1579687475.96
[rosout][INFO] 2020-01-22 16:04:36,944: wud up my dudes 1579687476.94
[rosout][INFO] 2020-01-22 16:04:38,042: wud up my dudes 1579687478.04
[rosout][INFO] 2020-01-22 16:04:39,147: wud up my dudes 1579687479.15
[rosout][INFO] 2020-01-22 16:04:40,275: wud up my dudes 1579687480.27
[rosout][INFO] 2020-01-22 16:04:41,316: wud up my dudes 1579687481.32
[rosout][INFO] 2020-01-22 16:04:42,282: wud up my dudes 1579687482.28
[rosout][INFO] 2020-01-22 16:04:43,358: wud up my dudes 1579687483.36
[rosout][INFO] 2020-01-22 16:04:44,385: wud up my dudes 1579687484.39
[rosout][INFO] 2020-01-22 16:04:45,404: wud up my dudes 1579687485.4
[rosout][INFO] 2020-01-22 16:04:46,513: wud up my dudes 1579687486.51
[rosout][INFO] 2020-01-22 16:04:47,549: wud up my dudes 1579687487.55
[rosout][INFO] 2020-01-22 16:04:48,658: wud up my dudes 1579687488.66
[rosout][INFO] 2020-01-22 16:04:49,809: wud up my dudes 1579687489.81
[rosout][INFO] 2020-01-22 16:04:50,779: wud up my dudes 1579687490.78
[rosout][INFO] 2020-01-22 16:04:51,812: wud up my dudes 1579687491.81
[rosout][INFO] 2020-01-22 16:04:52,937: wud up my dudes 1579687492.94
[rosout][INFO] 2020-01-22 16:04:54,107: wud up my dudes 1579687494.11
[rosout][INFO] 2020-01-22 16:04:55,150: wud up my dudes 1579687495.15
[rosout][INFO] 2020-01-22 16:04:56,229: wud up my dudes 1579687496.23
[rosout][INFO] 2020-01-22 16:04:57,315: wud up my dudes 1579687497.32
[rosout][INFO] 2020-01-22 16:04:58,441: wud up my dudes 1579687498.44
[rosout][INFO] 2020-01-22 16:04:59,525: wud up my dudes 1579687499.53
[rosout][INFO] 2020-01-22 16:05:00,727: wud up my dudes 1579687500.73
[rosout][INFO] 2020-01-22 16:05:01,687: wud up my dudes 1579687501.69
[rosout][INFO] 2020-01-22 16:05:02,726: wud up my dudes 1579687502.73
[rosout][INFO] 2020-01-22 16:05:03,721: wud up my dudes 1579687503.72
[rosout][INFO] 2020-01-22 16:05:04,881: wud up my dudes 1579687504.88
[rosout][INFO] 2020-01-22 16:05:05,940: wud up my dudes 1579687505.94
[rosout][INFO] 2020-01-22 16:05:07,036: wud up my dudes 1579687507.04
[rosout][INFO] 2020-01-22 16:05:08,059: wud up my dudes 1579687508.06
[rosout][INFO] 2020-01-22 16:05:09,164: wud up my dudes 1579687509.16
[rosout][INFO] 2020-01-22 16:05:10,230: wud up my dudes 1579687510.23
[rosout][INFO] 2020-01-22 16:05:11,328: wud up my dudes 1579687511.33
[rosout][INFO] 2020-01-22 16:05:12,387: wud up my dudes 1579687512.39
[rosout][INFO] 2020-01-22 16:05:13,480: wud up my dudes 1579687513.48
[rosout][INFO] 2020-01-22 16:05:14,506: wud up my dudes 1579687514.51
[rosout][INFO] 2020-01-22 16:05:15,528: wud up my dudes 1579687515.53
[rosout][INFO] 2020-01-22 16:05:16,562: wud up my dudes 1579687516.56
[rosout][INFO] 2020-01-22 16:05:17,663: wud up my dudes 1579687517.66
[rosout][INFO] 2020-01-22 16:05:18,801: wud up my dudes 1579687518.8
[rosout][INFO] 2020-01-22 16:05:19,818: wud up my dudes 1579687519.82
[rosout][INFO] 2020-01-22 16:05:20,986: wud up my dudes 1579687520.99
[rosout][INFO] 2020-01-22 16:05:21,986: wud up my dudes 1579687521.99
[rosout][INFO] 2020-01-22 16:05:23,102: wud up my dudes 1579687523.1
[rosout][INFO] 2020-01-22 16:05:24,285: wud up my dudes 1579687524.29
[rosout][INFO] 2020-01-22 16:05:25,259: wud up my dudes 1579687525.26
[rosout][INFO] 2020-01-22 16:05:26,358: wud up my dudes 1579687526.36
[rosout][INFO] 2020-01-22 16:05:27,382: wud up my dudes 1579687527.38
[rosout][INFO] 2020-01-22 16:05:28,404: wud up my dudes 1579687528.4
[rosout][INFO] 2020-01-22 16:05:29,532: wud up my dudes 1579687529.53
[rosout][INFO] 2020-01-22 16:05:30,584: wud up my dudes 1579687530.58
[rosout][INFO] 2020-01-22 16:05:31,861: wud up my dudes 1579687531.86
[rosout][INFO] 2020-01-22 16:05:32,917: wud up my dudes 1579687532.92
[rosout][INFO] 2020-01-22 16:05:34,066: wud up my dudes 1579687534.07
[rosout][INFO] 2020-01-22 16:05:34,987: wud up my dudes 1579687534.99
[rosout][INFO] 2020-01-22 16:05:36,062: wud up my dudes 1579687536.06
[rosout][INFO] 2020-01-22 16:05:37,117: wud up my dudes 1579687537.12
[rosout][INFO] 2020-01-22 16:05:38,236: wud up my dudes 1579687538.24
[rosout][INFO] 2020-01-22 16:05:39,321: wud up my dudes 1579687539.32
[rosout][INFO] 2020-01-22 16:05:40,434: wud up my dudes 1579687540.43
[rosout][INFO] 2020-01-22 16:05:41,433: wud up my dudes 1579687541.43
[rosout][INFO] 2020-01-22 16:05:42,443: wud up my dudes 1579687542.44
[rosout][INFO] 2020-01-22 16:05:43,538: wud up my dudes 1579687543.54
[rosout][INFO] 2020-01-22 16:05:44,546: wud up my dudes 1579687544.55
[rosout][INFO] 2020-01-22 16:05:45,586: wud up my dudes 1579687545.59
[rosout][INFO] 2020-01-22 16:05:46,607: wud up my dudes 1579687546.61
[rosout][INFO] 2020-01-22 16:05:47,638: wud up my dudes 1579687547.64
[rosout][INFO] 2020-01-22 16:05:48,733: wud up my dudes 1579687548.73
[rosout][INFO] 2020-01-22 16:05:49,726: wud up my dudes 1579687549.73
[rosout][INFO] 2020-01-22 16:05:50,792: wud up my dudes 1579687550.79
[rosout][INFO] 2020-01-22 16:05:51,795: wud up my dudes 1579687551.79
[rosout][INFO] 2020-01-22 16:05:52,789: wud up my dudes 1579687552.79
[rosout][INFO] 2020-01-22 16:05:53,769: wud up my dudes 1579687553.77
[rosout][INFO] 2020-01-22 16:05:54,826: wud up my dudes 1579687554.83
[rosout][INFO] 2020-01-22 16:05:55,818: wud up my dudes 1579687555.82
[rosout][INFO] 2020-01-22 16:05:56,778: wud up my dudes 1579687556.78
[rosout][INFO] 2020-01-22 16:05:57,872: wud up my dudes 1579687557.87
[rosout][INFO] 2020-01-22 16:05:58,905: wud up my dudes 1579687558.91
[rosout][INFO] 2020-01-22 16:05:59,921: wud up my dudes 1579687559.92
[rosout][INFO] 2020-01-22 16:06:00,976: wud up my dudes 1579687560.98
[rosout][INFO] 2020-01-22 16:06:01,994: wud up my dudes 1579687561.99
[rosout][INFO] 2020-01-22 16:06:03,026: wud up my dudes 1579687563.03
[rosout][INFO] 2020-01-22 16:06:04,091: wud up my dudes 1579687564.09
[rosout][INFO] 2020-01-22 16:06:05,138: wud up my dudes 1579687565.14
[rosout][INFO] 2020-01-22 16:06:06,171: wud up my dudes 1579687566.17
[rosout][INFO] 2020-01-22 16:06:07,177: wud up my dudes 1579687567.18
[rosout][INFO] 2020-01-22 16:06:08,226: wud up my dudes 1579687568.23
[rosout][INFO] 2020-01-22 16:06:09,414: wud up my dudes 1579687569.41
[rosout][INFO] 2020-01-22 16:06:10,448: wud up my dudes 1579687570.45
[rosout][INFO] 2020-01-22 16:06:11,572: wud up my dudes 1579687571.57
[rosout][INFO] 2020-01-22 16:06:12,687: wud up my dudes 1579687572.69
[rosout][INFO] 2020-01-22 16:06:13,660: wud up my dudes 1579687573.66
[rosout][INFO] 2020-01-22 16:06:14,686: wud up my dudes 1579687574.68
[rosout][INFO] 2020-01-22 16:06:15,802: wud up my dudes 1579687575.8
[rosout][INFO] 2020-01-22 16:06:16,796: wud up my dudes 1579687576.8
[rosout][INFO] 2020-01-22 16:06:17,805: wud up my dudes 1579687577.8
[rosout][INFO] 2020-01-22 16:06:18,892: wud up my dudes 1579687578.89
[rosout][INFO] 2020-01-22 16:06:19,927: wud up my dudes 1579687579.93
[rosout][INFO] 2020-01-22 16:06:21,055: wud up my dudes 1579687581.06
[rosout][INFO] 2020-01-22 16:06:22,085: wud up my dudes 1579687582.09
[rosout][INFO] 2020-01-22 16:06:23,168: wud up my dudes 1579687583.17
[rosout][INFO] 2020-01-22 16:06:24,201: wud up my dudes 1579687584.2
[rosout][INFO] 2020-01-22 16:06:25,246: wud up my dudes 1579687585.25
[rosout][INFO] 2020-01-22 16:06:26,377: wud up my dudes 1579687586.38
[rosout][INFO] 2020-01-22 16:06:27,361: wud up my dudes 1579687587.36
[rosout][INFO] 2020-01-22 16:06:28,446: wud up my dudes 1579687588.45
[rosout][INFO] 2020-01-22 16:06:29,464: wud up my dudes 1579687589.46
[rosout][INFO] 2020-01-22 16:06:30,572: wud up my dudes 1579687590.57
[rosout][INFO] 2020-01-22 16:06:31,612: wud up my dudes 1579687591.61
[rosout][INFO] 2020-01-22 16:06:32,756: wud up my dudes 1579687592.76
[rosout][INFO] 2020-01-22 16:06:33,835: wud up my dudes 1579687593.84
[rosout][INFO] 2020-01-22 16:06:34,930: wud up my dudes 1579687594.93
[rosout][INFO] 2020-01-22 16:06:35,956: wud up my dudes 1579687595.96
[rosout][INFO] 2020-01-22 16:06:36,983: wud up my dudes 1579687596.98
[rosout][INFO] 2020-01-22 16:06:38,086: wud up my dudes 1579687598.09
[rosout][INFO] 2020-01-22 16:06:39,247: wud up my dudes 1579687599.25
[rosout][INFO] 2020-01-22 16:06:40,293: wud up my dudes 1579687600.29
[rosout][INFO] 2020-01-22 16:06:41,380: wud up my dudes 1579687601.38
[rosout][INFO] 2020-01-22 16:06:42,361: wud up my dudes 1579687602.36
[rosout][INFO] 2020-01-22 16:06:43,443: wud up my dudes 1579687603.44
[rosout][INFO] 2020-01-22 16:06:44,535: wud up my dudes 1579687604.53
[rosout][INFO] 2020-01-22 16:06:45,563: wud up my dudes 1579687605.56
[rosout][INFO] 2020-01-22 16:06:46,648: wud up my dudes 1579687606.65
[rosout][INFO] 2020-01-22 16:06:47,733: wud up my dudes 1579687607.73
[rosout][INFO] 2020-01-22 16:06:48,861: wud up my dudes 1579687608.86
[rosout][INFO] 2020-01-22 16:06:49,923: wud up my dudes 1579687609.92
[rosout][INFO] 2020-01-22 16:06:51,009: wud up my dudes 1579687611.01
[rosout][INFO] 2020-01-22 16:06:52,046: wud up my dudes 1579687612.05
[rosout][INFO] 2020-01-22 16:06:53,094: wud up my dudes 1579687613.09
[rosout][INFO] 2020-01-22 16:06:54,098: wud up my dudes 1579687614.1
[rosout][INFO] 2020-01-22 16:06:55,232: wud up my dudes 1579687615.23
[rosout][INFO] 2020-01-22 16:06:56,177: wud up my dudes 1579687616.18
[rosout][INFO] 2020-01-22 16:06:57,221: wud up my dudes 1579687617.22
[rosout][INFO] 2020-01-22 16:06:58,316: wud up my dudes 1579687618.32
[rosout][INFO] 2020-01-22 16:06:59,405: wud up my dudes 1579687619.41
[rosout][INFO] 2020-01-22 16:07:00,403: wud up my dudes 1579687620.4
[rosout][INFO] 2020-01-22 16:07:01,584: wud up my dudes 1579687621.58
[rosout][INFO] 2020-01-22 16:07:02,542: wud up my dudes 1579687622.54
[rosout][INFO] 2020-01-22 16:07:03,598: wud up my dudes 1579687623.6
[rosout][INFO] 2020-01-22 16:07:04,622: wud up my dudes 1579687624.62
[rosout][INFO] 2020-01-22 16:07:05,588: wud up my dudes 1579687625.59
[rosout][INFO] 2020-01-22 16:07:06,596: wud up my dudes 1579687626.6
[rosout][INFO] 2020-01-22 16:07:07,651: wud up my dudes 1579687627.65
[rosout][INFO] 2020-01-22 16:07:08,706: wud up my dudes 1579687628.71
[rosout][INFO] 2020-01-22 16:07:09,842: wud up my dudes 1579687629.84
[rosout][INFO] 2020-01-22 16:07:10,980: wud up my dudes 1579687630.98
[rosout][INFO] 2020-01-22 16:07:12,015: wud up my dudes 1579687632.02
[rosout][INFO] 2020-01-22 16:07:13,059: wud up my dudes 1579687633.06
[rosout][INFO] 2020-01-22 16:07:14,102: wud up my dudes 1579687634.1
[rosout][INFO] 2020-01-22 16:07:15,184: wud up my dudes 1579687635.18
[rosout][INFO] 2020-01-22 16:07:16,338: wud up my dudes 1579687636.34
[rosout][INFO] 2020-01-22 16:07:17,361: wud up my dudes 1579687637.36
[rosout][INFO] 2020-01-22 16:07:18,532: wud up my dudes 1579687638.53
[rosout][INFO] 2020-01-22 16:07:19,607: wud up my dudes 1579687639.61
[rosout][INFO] 2020-01-22 16:07:20,658: wud up my dudes 1579687640.66
[rosout][INFO] 2020-01-22 16:07:21,729: wud up my dudes 1579687641.73
[rosout][INFO] 2020-01-22 16:07:22,815: wud up my dudes 1579687642.81
[rosout][INFO] 2020-01-22 16:07:23,894: wud up my dudes 1579687643.89
[rosout][INFO] 2020-01-22 16:07:24,861: wud up my dudes 1579687644.86
[rosout][INFO] 2020-01-22 16:07:25,908: wud up my dudes 1579687645.91
[rosout][INFO] 2020-01-22 16:07:26,849: wud up my dudes 1579687646.85
[rosout][INFO] 2020-01-22 16:07:27,888: wud up my dudes 1579687647.89
[rosout][INFO] 2020-01-22 16:07:28,966: wud up my dudes 1579687648.97
[rosout][INFO] 2020-01-22 16:07:29,999: wud up my dudes 1579687650.0
[rosout][INFO] 2020-01-22 16:07:31,026: wud up my dudes 1579687651.03
[rosout][INFO] 2020-01-22 16:07:32,059: wud up my dudes 1579687652.06
[rosout][INFO] 2020-01-22 16:07:33,104: wud up my dudes 1579687653.1
[rosout][INFO] 2020-01-22 16:07:34,150: wud up my dudes 1579687654.15
[rosout][INFO] 2020-01-22 16:07:35,115: wud up my dudes 1579687655.12
[rosout][INFO] 2020-01-22 16:07:36,207: wud up my dudes 1579687656.21
[rosout][INFO] 2020-01-22 16:07:37,217: wud up my dudes 1579687657.22
[rosout][INFO] 2020-01-22 16:07:38,276: wud up my dudes 1579687658.28
[rosout][INFO] 2020-01-22 16:07:39,415: wud up my dudes 1579687659.41
[rosout][INFO] 2020-01-22 16:07:40,542: wud up my dudes 1579687660.54
[rosout][INFO] 2020-01-22 16:07:41,474: wud up my dudes 1579687661.47
[rosout][INFO] 2020-01-22 16:07:42,571: wud up my dudes 1579687662.57
[rosout][INFO] 2020-01-22 16:07:43,622: wud up my dudes 1579687663.62
[rosout][INFO] 2020-01-22 16:07:44,667: wud up my dudes 1579687664.67
[rosout][INFO] 2020-01-22 16:07:45,663: wud up my dudes 1579687665.66
[rosout][INFO] 2020-01-22 16:07:46,772: wud up my dudes 1579687666.77
[rosout][INFO] 2020-01-22 16:07:47,838: wud up my dudes 1579687667.84
[rosout][INFO] 2020-01-22 16:07:48,895: wud up my dudes 1579687668.9
[rosout][INFO] 2020-01-22 16:07:49,904: wud up my dudes 1579687669.9
[rosout][INFO] 2020-01-22 16:07:51,157: wud up my dudes 1579687671.16
[rosout][INFO] 2020-01-22 16:07:52,188: wud up my dudes 1579687672.19
[rosout][INFO] 2020-01-22 16:07:53,273: wud up my dudes 1579687673.27
[rosout][INFO] 2020-01-22 16:07:54,270: wud up my dudes 1579687674.27
[rosout][INFO] 2020-01-22 16:07:55,368: wud up my dudes 1579687675.37
[rosout][INFO] 2020-01-22 16:07:56,512: wud up my dudes 1579687676.51
[rosout][INFO] 2020-01-22 16:07:57,931: wud up my dudes 1579687677.93
[rosout][INFO] 2020-01-22 16:07:58,897: wud up my dudes 1579687678.9
[rosout][INFO] 2020-01-22 16:08:00,131: wud up my dudes 1579687680.13
[rosout][INFO] 2020-01-22 16:08:01,346: wud up my dudes 1579687681.35
[rosout][INFO] 2020-01-22 16:08:02,243: wud up my dudes 1579687682.24
[rosout][INFO] 2020-01-22 16:08:03,464: wud up my dudes 1579687683.46
[rosout][INFO] 2020-01-22 16:08:04,538: wud up my dudes 1579687684.54
[rosout][INFO] 2020-01-22 16:08:06,084: wud up my dudes 1579687686.08
[rosout][INFO] 2020-01-22 16:08:07,148: wud up my dudes 1579687687.15
[rosout][INFO] 2020-01-22 16:08:08,344: wud up my dudes 1579687688.34
[rosout][INFO] 2020-01-22 16:08:09,454: wud up my dudes 1579687689.45
[rosout][INFO] 2020-01-22 16:08:10,959: wud up my dudes 1579687690.96
[rosout][INFO] 2020-01-22 16:08:11,779: wud up my dudes 1579687691.78
[rosout][INFO] 2020-01-22 16:08:12,875: wud up my dudes 1579687692.88
[rosout][INFO] 2020-01-22 16:08:14,006: wud up my dudes 1579687694.01
[rosout][INFO] 2020-01-22 16:08:15,063: wud up my dudes 1579687695.06
[rosout][INFO] 2020-01-22 16:08:16,240: wud up my dudes 1579687696.24
[rosout][INFO] 2020-01-22 16:08:17,328: wud up my dudes 1579687697.33
[rosout][INFO] 2020-01-22 16:08:18,457: wud up my dudes 1579687698.46
[rosout][INFO] 2020-01-22 16:08:19,536: wud up my dudes 1579687699.54
[rosout][INFO] 2020-01-22 16:08:20,552: wud up my dudes 1579687700.55
[rosout][INFO] 2020-01-22 16:08:21,661: wud up my dudes 1579687701.66
[rosout][INFO] 2020-01-22 16:08:23,036: wud up my dudes 1579687703.04
[rosout][INFO] 2020-01-22 16:08:23,959: wud up my dudes 1579687703.96
[rosout][INFO] 2020-01-22 16:08:25,046: wud up my dudes 1579687705.05
[rosout][INFO] 2020-01-22 16:08:26,125: wud up my dudes 1579687706.13
[rosout][INFO] 2020-01-22 16:08:27,257: wud up my dudes 1579687707.26
[rosout][INFO] 2020-01-22 16:08:28,369: wud up my dudes 1579687708.37
[rosout][INFO] 2020-01-22 16:08:29,575: wud up my dudes 1579687709.58
[rosout][INFO] 2020-01-22 16:08:30,624: wud up my dudes 1579687710.62
[rosout][INFO] 2020-01-22 16:08:31,661: wud up my dudes 1579687711.66
[rosout][INFO] 2020-01-22 16:08:32,874: wud up my dudes 1579687712.87
[rosout][INFO] 2020-01-22 16:08:34,039: wud up my dudes 1579687714.04
[rosout][INFO] 2020-01-22 16:08:35,237: wud up my dudes 1579687715.24
[rosout][INFO] 2020-01-22 16:08:36,244: wud up my dudes 1579687716.24
[rosout][INFO] 2020-01-22 16:08:37,349: wud up my dudes 1579687717.35
[rosout][INFO] 2020-01-22 16:08:38,490: wud up my dudes 1579687718.49
[rosout][INFO] 2020-01-22 16:08:39,605: wud up my dudes 1579687719.61
[rosout][INFO] 2020-01-22 16:08:40,746: wud up my dudes 1579687720.75
[rosout][INFO] 2020-01-22 16:08:41,753: wud up my dudes 1579687721.75
[rosout][INFO] 2020-01-22 16:08:42,990: wud up my dudes 1579687722.99
[rosout][INFO] 2020-01-22 16:08:44,176: wud up my dudes 1579687724.18
[rosout][INFO] 2020-01-22 16:08:45,311: wud up my dudes 1579687725.31
[rosout][INFO] 2020-01-22 16:08:46,322: wud up my dudes 1579687726.32
[rosout][INFO] 2020-01-22 16:08:47,539: wud up my dudes 1579687727.54
[rosout][INFO] 2020-01-22 16:08:48,752: wud up my dudes 1579687728.75
[rosout][INFO] 2020-01-22 16:08:49,724: wud up my dudes 1579687729.72
[rosout][INFO] 2020-01-22 16:08:50,888: wud up my dudes 1579687730.89
[rosout][INFO] 2020-01-22 16:08:51,888: wud up my dudes 1579687731.89
[rosout][INFO] 2020-01-22 16:08:53,141: wud up my dudes 1579687733.14
[rosout][INFO] 2020-01-22 16:08:54,319: wud up my dudes 1579687734.32
[rosout][INFO] 2020-01-22 16:08:55,361: wud up my dudes 1579687735.36
[rosout][INFO] 2020-01-22 16:08:56,438: wud up my dudes 1579687736.44
[rosout][INFO] 2020-01-22 16:08:57,637: wud up my dudes 1579687737.64
[rosout][INFO] 2020-01-22 16:08:58,641: wud up my dudes 1579687738.64
[rosout][INFO] 2020-01-22 16:08:59,816: wud up my dudes 1579687739.82
[rosout][INFO] 2020-01-22 16:09:00,786: wud up my dudes 1579687740.79
[rosout][INFO] 2020-01-22 16:09:01,819: wud up my dudes 1579687741.82
[rosout][INFO] 2020-01-22 16:09:03,071: wud up my dudes 1579687743.07
[rosout][INFO] 2020-01-22 16:09:04,242: wud up my dudes 1579687744.24
[rosout][INFO] 2020-01-22 16:09:05,390: wud up my dudes 1579687745.39
[rosout][INFO] 2020-01-22 16:09:06,388: wud up my dudes 1579687746.39
[rosout][INFO] 2020-01-22 16:09:07,582: wud up my dudes 1579687747.58
[rosout][INFO] 2020-01-22 16:09:08,760: wud up my dudes 1579687748.76
[rosout][INFO] 2020-01-22 16:09:09,907: wud up my dudes 1579687749.91
[rosout][INFO] 2020-01-22 16:09:10,957: wud up my dudes 1579687750.96
[rosout][INFO] 2020-01-22 16:09:11,943: wud up my dudes 1579687751.94
[rosout][INFO] 2020-01-22 16:09:13,164: wud up my dudes 1579687753.16
[rosout][INFO] 2020-01-22 16:09:14,365: wud up my dudes 1579687754.37
[rosout][INFO] 2020-01-22 16:09:15,453: wud up my dudes 1579687755.45
[rosout][INFO] 2020-01-22 16:09:16,492: wud up my dudes 1579687756.49
[rosout][INFO] 2020-01-22 16:09:17,724: wud up my dudes 1579687757.72
[rosout][INFO] 2020-01-22 16:09:18,726: wud up my dudes 1579687758.72
[rosout][INFO] 2020-01-22 16:09:19,878: wud up my dudes 1579687759.88
[rosout][INFO] 2020-01-22 16:09:21,095: wud up my dudes 1579687761.1
[rosout][INFO] 2020-01-22 16:09:22,128: wud up my dudes 1579687762.13
[rosout][INFO] 2020-01-22 16:09:23,322: wud up my dudes 1579687763.32
[rosout][INFO] 2020-01-22 16:09:24,450: wud up my dudes 1579687764.45
[rosout][INFO] 2020-01-22 16:09:25,490: wud up my dudes 1579687765.49
[rosout][INFO] 2020-01-22 16:09:26,586: wud up my dudes 1579687766.59
[rosout][INFO] 2020-01-22 16:09:27,657: wud up my dudes 1579687767.66
[rosout][INFO] 2020-01-22 16:09:28,842: wud up my dudes 1579687768.84
[rosout][INFO] 2020-01-22 16:09:30,007: wud up my dudes 1579687770.01
[rosout][INFO] 2020-01-22 16:09:31,117: wud up my dudes 1579687771.12
[rosout][INFO] 2020-01-22 16:09:32,197: wud up my dudes 1579687772.2
[rosout][INFO] 2020-01-22 16:09:33,411: wud up my dudes 1579687773.41
[rosout][INFO] 2020-01-22 16:09:34,509: wud up my dudes 1579687774.51
[rosout][INFO] 2020-01-22 16:09:35,581: wud up my dudes 1579687775.58
[rosout][INFO] 2020-01-22 16:09:36,664: wud up my dudes 1579687776.66
[rosout][INFO] 2020-01-22 16:09:37,813: wud up my dudes 1579687777.81
[rosout][INFO] 2020-01-22 16:09:38,956: wud up my dudes 1579687778.95
[rosout][INFO] 2020-01-22 16:09:40,096: wud up my dudes 1579687780.1
[rosout][INFO] 2020-01-22 16:09:41,260: wud up my dudes 1579687781.26
[rosout][INFO] 2020-01-22 16:09:42,265: wud up my dudes 1579687782.27
[rosout][INFO] 2020-01-22 16:09:43,450: wud up my dudes 1579687783.45
[rosout][INFO] 2020-01-22 16:09:44,551: wud up my dudes 1579687784.55
[rosout][INFO] 2020-01-22 16:09:45,674: wud up my dudes 1579687785.67
[rosout][INFO] 2020-01-22 16:09:46,664: wud up my dudes 1579687786.66
[rosout][INFO] 2020-01-22 16:09:47,825: wud up my dudes 1579687787.82
[rosout][INFO] 2020-01-22 16:09:49,013: wud up my dudes 1579687789.01
[rosout][INFO] 2020-01-22 16:09:50,171: wud up my dudes 1579687790.17
[rosout][INFO] 2020-01-22 16:09:51,328: wud up my dudes 1579687791.33
[rosout][INFO] 2020-01-22 16:09:52,426: wud up my dudes 1579687792.43
[rosout][INFO] 2020-01-22 16:09:53,520: wud up my dudes 1579687793.52
[rosout][INFO] 2020-01-22 16:09:54,634: wud up my dudes 1579687794.63
[rosout][INFO] 2020-01-22 16:09:55,740: wud up my dudes 1579687795.74
[rosout][INFO] 2020-01-22 16:09:56,750: wud up my dudes 1579687796.75
[rosout][INFO] 2020-01-22 16:09:57,948: wud up my dudes 1579687797.95
[rosout][INFO] 2020-01-22 16:09:59,056: wud up my dudes 1579687799.06
[rosout][INFO] 2020-01-22 16:10:00,322: wud up my dudes 1579687800.32
[rosout][INFO] 2020-01-22 16:10:01,308: wud up my dudes 1579687801.31
[rosout][INFO] 2020-01-22 16:10:02,415: wud up my dudes 1579687802.42
[rosout][INFO] 2020-01-22 16:10:03,631: wud up my dudes 1579687803.63
[rosout][INFO] 2020-01-22 16:10:04,628: wud up my dudes 1579687804.63
[rosout][INFO] 2020-01-22 16:10:05,845: wud up my dudes 1579687805.84
[rosout][INFO] 2020-01-22 16:10:06,812: wud up my dudes 1579687806.81
[rosout][INFO] 2020-01-22 16:10:08,062: wud up my dudes 1579687808.06
[rosout][INFO] 2020-01-22 16:10:09,259: wud up my dudes 1579687809.26
[rosout][INFO] 2020-01-22 16:10:10,375: wud up my dudes 1579687810.38
[rosout][INFO] 2020-01-22 16:10:11,367: wud up my dudes 1579687811.37
[rosout][INFO] 2020-01-22 16:10:12,421: wud up my dudes 1579687812.42
[rosout][INFO] 2020-01-22 16:10:13,598: wud up my dudes 1579687813.6
[rosout][INFO] 2020-01-22 16:10:14,769: wud up my dudes 1579687814.77
[rosout][INFO] 2020-01-22 16:10:15,799: wud up my dudes 1579687815.8
[rosout][INFO] 2020-01-22 16:10:16,861: wud up my dudes 1579687816.86
[rosout][INFO] 2020-01-22 16:10:18,073: wud up my dudes 1579687818.07
[rosout][INFO] 2020-01-22 16:10:19,121: wud up my dudes 1579687819.12
[rosout][INFO] 2020-01-22 16:10:20,243: wud up my dudes 1579687820.24
[rosout][INFO] 2020-01-22 16:10:21,293: wud up my dudes 1579687821.29
[rosout][INFO] 2020-01-22 16:10:22,493: wud up my dudes 1579687822.49
[rosout][INFO] 2020-01-22 16:10:23,589: wud up my dudes 1579687823.59
[rosout][INFO] 2020-01-22 16:10:24,627: wud up my dudes 1579687824.63
[rosout][INFO] 2020-01-22 16:10:25,832: wud up my dudes 1579687825.83
[rosout][INFO] 2020-01-22 16:10:26,779: wud up my dudes 1579687826.78
[rosout][INFO] 2020-01-22 16:10:27,940: wud up my dudes 1579687827.94
[rosout][INFO] 2020-01-22 16:10:29,085: wud up my dudes 1579687829.09
[rosout][INFO] 2020-01-22 16:10:30,171: wud up my dudes 1579687830.17
[rosout][INFO] 2020-01-22 16:10:31,226: wud up my dudes 1579687831.23
[rosout][INFO] 2020-01-22 16:10:32,480: wud up my dudes 1579687832.48
[rosout][INFO] 2020-01-22 16:10:33,499: wud up my dudes 1579687833.5
[rosout][INFO] 2020-01-22 16:10:34,736: wud up my dudes 1579687834.74
[rosout][INFO] 2020-01-22 16:10:35,723: wud up my dudes 1579687835.72
[rosout][INFO] 2020-01-22 16:10:36,780: wud up my dudes 1579687836.78
[rosout][INFO] 2020-01-22 16:10:38,051: wud up my dudes 1579687838.05
