[rospy.client][INFO] 2020-01-16 12:27:19,108: init_node, name[/talker_3932_1579156039102], pid[3932]
[xmlrpc][INFO] 2020-01-16 12:27:19,111: XML-RPC server binding to 0.0.0.0:0
[xmlrpc][INFO] 2020-01-16 12:27:19,112: Started XML-RPC server [http://192.168.0.118:52354/]
[rospy.init][INFO] 2020-01-16 12:27:19,114: ROS Slave URI: [http://192.168.0.118:52354/]
[rospy.impl.masterslave][INFO] 2020-01-16 12:27:19,114: _ready: http://192.168.0.118:52354/
[xmlrpc][INFO] 2020-01-16 12:27:19,115: xml rpc node: starting XML-RPC server
[rospy.registration][INFO] 2020-01-16 12:27:19,117: Registering with master node http://192.168.0.102:11311
[rospy.registration][INFO] 2020-01-16 12:27:19,117: Registering publisher topic [/chatter] type [std_msgs/String] with master
[rospy.init][INFO] 2020-01-16 12:27:19,315: registered with master
[rospy.rosout][INFO] 2020-01-16 12:27:19,315: initializing /rosout core topic
[rospy.internal][INFO] 2020-01-16 12:27:19,417: topic[/chatter] adding connection to [/rostopic_24811_1579155923673], count 0
[rospy.rosout][INFO] 2020-01-16 12:27:19,634: connected to core topic /rosout
[rospy.simtime][INFO] 2020-01-16 12:27:19,729: /use_sim_time is not set, will not subscribe to simulated time [/clock] topic
[rosout][INFO] 2020-01-16 12:27:20,174: hello world 1579156040.17
[rosout][INFO] 2020-01-16 12:27:22,115: hello world 1579156042.12
[rospy.internal][INFO] 2020-01-16 12:27:24,157: topic[/rosout] adding connection to [/rosout], count 0
[rosout][INFO] 2020-01-16 12:27:24,155: hello world 1579156044.16
[rosout][INFO] 2020-01-16 12:27:26,161: hello world 1579156046.16
[rosout][INFO] 2020-01-16 12:27:28,177: hello world 1579156048.18
[rosout][INFO] 2020-01-16 12:27:30,180: hello world 1579156050.18
[rosout][INFO] 2020-01-16 12:27:32,176: hello world 1579156052.18
[rosout][INFO] 2020-01-16 12:27:34,184: hello world 1579156054.18
[rosout][INFO] 2020-01-16 12:27:36,230: hello world 1579156056.23
[rosout][INFO] 2020-01-16 12:27:38,203: hello world 1579156058.2
[rosout][INFO] 2020-01-16 12:27:40,224: hello world 1579156060.22
[rosout][INFO] 2020-01-16 12:27:42,253: hello world 1579156062.25
[rosout][INFO] 2020-01-16 12:27:44,257: hello world 1579156064.26
[rosout][INFO] 2020-01-16 12:27:46,253: hello world 1579156066.25
[rosout][INFO] 2020-01-16 12:27:48,289: hello world 1579156068.29
[rosout][INFO] 2020-01-16 12:27:50,322: hello world 1579156070.32
[rosout][INFO] 2020-01-16 12:27:52,316: hello world 1579156072.32
[rosout][INFO] 2020-01-16 12:27:54,414: hello world 1579156074.41
[rosout][INFO] 2020-01-16 12:27:56,424: hello world 1579156076.42
[rosout][INFO] 2020-01-16 12:27:58,500: hello world 1579156078.5
[rosout][INFO] 2020-01-16 12:28:00,551: hello world 1579156080.55
[rosout][INFO] 2020-01-16 12:28:02,586: hello world 1579156082.59
[rosout][INFO] 2020-01-16 12:28:04,586: hello world 1579156084.59
[rosout][INFO] 2020-01-16 12:28:06,596: hello world 1579156086.6
[rosout][INFO] 2020-01-16 12:28:08,628: hello world 1579156088.63
[rosout][INFO] 2020-01-16 12:28:10,657: hello world 1579156090.66
[rosout][INFO] 2020-01-16 12:28:12,645: hello world 1579156092.64
[rosout][INFO] 2020-01-16 12:28:14,661: hello world 1579156094.66
[rosout][INFO] 2020-01-16 12:28:16,651: hello world 1579156096.65
[rosout][INFO] 2020-01-16 12:28:18,661: hello world 1579156098.66
[rosout][INFO] 2020-01-16 12:28:20,676: hello world 1579156100.68
[rosout][INFO] 2020-01-16 12:28:22,723: hello world 1579156102.72
[rosout][INFO] 2020-01-16 12:28:24,730: hello world 1579156104.73
[rosout][INFO] 2020-01-16 12:28:26,723: hello world 1579156106.72
[rosout][INFO] 2020-01-16 12:28:28,724: hello world 1579156108.72
[rosout][INFO] 2020-01-16 12:28:30,694: hello world 1579156110.69
[rosout][INFO] 2020-01-16 12:28:32,710: hello world 1579156112.71
[rosout][INFO] 2020-01-16 12:28:34,690: hello world 1579156114.69
[rosout][INFO] 2020-01-16 12:28:36,686: hello world 1579156116.69
[rosout][INFO] 2020-01-16 12:28:38,674: hello world 1579156118.67
[rosout][INFO] 2020-01-16 12:28:40,698: hello world 1579156120.7
[rosout][INFO] 2020-01-16 12:28:42,698: hello world 1579156122.7
[rosout][INFO] 2020-01-16 12:28:44,707: hello world 1579156124.71
[rosout][INFO] 2020-01-16 12:28:46,742: hello world 1579156126.74
[rosout][INFO] 2020-01-16 12:28:48,713: hello world 1579156128.71
[rosout][INFO] 2020-01-16 12:28:50,730: hello world 1579156130.73
[rosout][INFO] 2020-01-16 12:28:52,746: hello world 1579156132.75
[rosout][INFO] 2020-01-16 12:28:54,760: hello world 1579156134.76
[rosout][INFO] 2020-01-16 12:28:56,766: hello world 1579156136.77
[rosout][INFO] 2020-01-16 12:28:58,789: hello world 1579156138.79
[rosout][INFO] 2020-01-16 12:29:00,786: hello world 1579156140.79
[rosout][INFO] 2020-01-16 12:29:02,831: hello world 1579156142.83
[rosout][INFO] 2020-01-16 12:29:04,854: hello world 1579156144.85
[rosout][INFO] 2020-01-16 12:29:06,872: hello world 1579156146.87
[rosout][INFO] 2020-01-16 12:29:08,857: hello world 1579156148.86
[rosout][INFO] 2020-01-16 12:29:10,858: hello world 1579156150.86
[rosout][INFO] 2020-01-16 12:29:12,854: hello world 1579156152.85
[rosout][INFO] 2020-01-16 12:29:14,871: hello world 1579156154.87
[rosout][INFO] 2020-01-16 12:29:16,862: hello world 1579156156.86
[rosout][INFO] 2020-01-16 12:29:18,907: hello world 1579156158.91
[rosout][INFO] 2020-01-16 12:29:20,910: hello world 1579156160.91
[rosout][INFO] 2020-01-16 12:29:22,915: hello world 1579156162.92
[rosout][INFO] 2020-01-16 12:29:24,947: hello world 1579156164.95
[rosout][INFO] 2020-01-16 12:29:26,959: hello world 1579156166.96
[rosout][INFO] 2020-01-16 12:29:28,957: hello world 1579156168.96
[rosout][INFO] 2020-01-16 12:29:30,951: hello world 1579156170.95
[rosout][INFO] 2020-01-16 12:29:32,987: hello world 1579156172.99
[rosout][INFO] 2020-01-16 12:29:34,983: hello world 1579156174.98
[rosout][INFO] 2020-01-16 12:29:36,994: hello world 1579156176.99
[rosout][INFO] 2020-01-16 12:29:38,999: hello world 1579156179.0
[rosout][INFO] 2020-01-16 12:29:41,029: hello world 1579156181.03
[rosout][INFO] 2020-01-16 12:29:43,007: hello world 1579156183.01
[rosout][INFO] 2020-01-16 12:29:45,016: hello world 1579156185.02
[rosout][INFO] 2020-01-16 12:29:47,012: hello world 1579156187.01
[rosout][INFO] 2020-01-16 12:29:49,039: hello world 1579156189.04
[rosout][INFO] 2020-01-16 12:29:51,036: hello world 1579156191.04
[rosout][INFO] 2020-01-16 12:29:53,069: hello world 1579156193.07
[rosout][INFO] 2020-01-16 12:29:55,053: hello world 1579156195.05
[rosout][INFO] 2020-01-16 12:29:57,078: hello world 1579156197.08
[rosout][INFO] 2020-01-16 12:29:59,078: hello world 1579156199.08
[rosout][INFO] 2020-01-16 12:30:01,101: hello world 1579156201.1
[rosout][INFO] 2020-01-16 12:30:03,127: hello world 1579156203.13
[rosout][INFO] 2020-01-16 12:30:05,115: hello world 1579156205.12
[rosout][INFO] 2020-01-16 12:30:07,127: hello world 1579156207.13
[rosout][INFO] 2020-01-16 12:30:09,132: hello world 1579156209.13
[rosout][INFO] 2020-01-16 12:30:11,128: hello world 1579156211.13
[rosout][INFO] 2020-01-16 12:30:13,118: hello world 1579156213.12
[rosout][INFO] 2020-01-16 12:30:15,125: hello world 1579156215.13
[rosout][INFO] 2020-01-16 12:30:17,135: hello world 1579156217.14
[rosout][INFO] 2020-01-16 12:30:19,118: hello world 1579156219.12
[rosout][INFO] 2020-01-16 12:30:21,125: hello world 1579156221.12
[rosout][INFO] 2020-01-16 12:30:23,104: hello world 1579156223.1
[rosout][INFO] 2020-01-16 12:30:25,158: hello world 1579156225.16
[rosout][INFO] 2020-01-16 12:30:27,128: hello world 1579156227.13
[rosout][INFO] 2020-01-16 12:30:29,148: hello world 1579156229.15
[rosout][INFO] 2020-01-16 12:30:31,158: hello world 1579156231.16
[rosout][INFO] 2020-01-16 12:30:33,178: hello world 1579156233.18
[rosout][INFO] 2020-01-16 12:30:35,224: hello world 1579156235.22
[rosout][INFO] 2020-01-16 12:30:37,216: hello world 1579156237.22
[rosout][INFO] 2020-01-16 12:30:39,246: hello world 1579156239.25
[rosout][INFO] 2020-01-16 12:30:41,233: hello world 1579156241.23
[rosout][INFO] 2020-01-16 12:30:43,260: hello world 1579156243.26
[rosout][INFO] 2020-01-16 12:30:45,255: hello world 1579156245.26
[rosout][INFO] 2020-01-16 12:30:47,308: hello world 1579156247.31
[rosout][INFO] 2020-01-16 12:30:49,305: hello world 1579156249.31
[rosout][INFO] 2020-01-16 12:30:51,335: hello world 1579156251.34
[rosout][INFO] 2020-01-16 12:30:53,348: hello world 1579156253.35
[rosout][INFO] 2020-01-16 12:30:55,359: hello world 1579156255.36
[rosout][INFO] 2020-01-16 12:30:57,368: hello world 1579156257.37
[rosout][INFO] 2020-01-16 12:30:59,405: hello world 1579156259.41
[rosout][INFO] 2020-01-16 12:31:01,434: hello world 1579156261.43
[rosout][INFO] 2020-01-16 12:31:03,447: hello world 1579156263.45
[rosout][INFO] 2020-01-16 12:31:05,451: hello world 1579156265.45
[rosout][INFO] 2020-01-16 12:31:07,444: hello world 1579156267.44
[rosout][INFO] 2020-01-16 12:31:09,493: hello world 1579156269.49
[rosout][INFO] 2020-01-16 12:31:11,500: hello world 1579156271.5
[rosout][INFO] 2020-01-16 12:31:13,545: hello world 1579156273.55
[rosout][INFO] 2020-01-16 12:31:15,555: hello world 1579156275.56
[rosout][INFO] 2020-01-16 12:31:17,588: hello world 1579156277.59
[rosout][INFO] 2020-01-16 12:31:19,562: hello world 1579156279.56
[rosout][INFO] 2020-01-16 12:31:21,588: hello world 1579156281.59
[rosout][INFO] 2020-01-16 12:31:23,588: hello world 1579156283.59
[rosout][INFO] 2020-01-16 12:31:25,604: hello world 1579156285.6
[rosout][INFO] 2020-01-16 12:31:27,601: hello world 1579156287.6
[rosout][INFO] 2020-01-16 12:31:29,625: hello world 1579156289.62
[rosout][INFO] 2020-01-16 12:31:31,614: hello world 1579156291.61
[rosout][INFO] 2020-01-16 12:31:33,641: hello world 1579156293.64
[rosout][INFO] 2020-01-16 12:31:35,677: hello world 1579156295.68
[rosout][INFO] 2020-01-16 12:31:37,691: hello world 1579156297.69
[rosout][INFO] 2020-01-16 12:31:39,713: hello world 1579156299.71
[rosout][INFO] 2020-01-16 12:31:41,700: hello world 1579156301.7
[rosout][INFO] 2020-01-16 12:31:43,724: hello world 1579156303.72
[rosout][INFO] 2020-01-16 12:31:45,707: hello world 1579156305.71
[rosout][INFO] 2020-01-16 12:31:47,733: hello world 1579156307.73
[rosout][INFO] 2020-01-16 12:31:49,737: hello world 1579156309.74
[rosout][INFO] 2020-01-16 12:31:51,773: hello world 1579156311.77
[rosout][INFO] 2020-01-16 12:31:53,799: hello world 1579156313.8
[rosout][INFO] 2020-01-16 12:31:55,802: hello world 1579156315.8
[rosout][INFO] 2020-01-16 12:31:57,826: hello world 1579156317.83
[rosout][INFO] 2020-01-16 12:31:59,851: hello world 1579156319.85
[rosout][INFO] 2020-01-16 12:32:01,881: hello world 1579156321.88
[rosout][INFO] 2020-01-16 12:32:03,858: hello world 1579156323.86
[rosout][INFO] 2020-01-16 12:32:05,901: hello world 1579156325.9
[rosout][INFO] 2020-01-16 12:32:07,903: hello world 1579156327.9
[rosout][INFO] 2020-01-16 12:32:09,921: hello world 1579156329.92
[rosout][INFO] 2020-01-16 12:32:11,921: hello world 1579156331.92
[rosout][INFO] 2020-01-16 12:32:13,940: hello world 1579156333.94
[rosout][INFO] 2020-01-16 12:32:15,930: hello world 1579156335.93
[rosout][INFO] 2020-01-16 12:32:17,947: hello world 1579156337.95
[rosout][INFO] 2020-01-16 12:32:19,973: hello world 1579156339.97
[rosout][INFO] 2020-01-16 12:32:21,980: hello world 1579156341.98
[rosout][INFO] 2020-01-16 12:32:23,989: hello world 1579156343.99
[rosout][INFO] 2020-01-16 12:32:25,997: hello world 1579156346.0
[rosout][INFO] 2020-01-16 12:32:28,019: hello world 1579156348.02
[rosout][INFO] 2020-01-16 12:32:30,013: hello world 1579156350.01
[rosout][INFO] 2020-01-16 12:32:32,056: hello world 1579156352.06
[rosout][INFO] 2020-01-16 12:32:34,033: hello world 1579156354.03
[rosout][INFO] 2020-01-16 12:32:36,046: hello world 1579156356.05
[rosout][INFO] 2020-01-16 12:32:38,052: hello world 1579156358.05
[rosout][INFO] 2020-01-16 12:32:40,075: hello world 1579156360.08
[rosout][INFO] 2020-01-16 12:32:42,068: hello world 1579156362.07
[rosout][INFO] 2020-01-16 12:32:44,069: hello world 1579156364.07
[rosout][INFO] 2020-01-16 12:32:46,098: hello world 1579156366.1
[rosout][INFO] 2020-01-16 12:32:48,121: hello world 1579156368.12
[rosout][INFO] 2020-01-16 12:32:50,127: hello world 1579156370.13
[rosout][INFO] 2020-01-16 12:32:52,154: hello world 1579156372.15
[rosout][INFO] 2020-01-16 12:32:54,142: hello world 1579156374.14
[rosout][INFO] 2020-01-16 12:32:56,177: hello world 1579156376.18
[rosout][INFO] 2020-01-16 12:32:58,174: hello world 1579156378.17
[rosout][INFO] 2020-01-16 12:33:00,200: hello world 1579156380.2
[rosout][INFO] 2020-01-16 12:33:02,176: hello world 1579156382.18
[rosout][INFO] 2020-01-16 12:33:04,194: hello world 1579156384.19
[rosout][INFO] 2020-01-16 12:33:06,190: hello world 1579156386.19
[rosout][INFO] 2020-01-16 12:33:08,203: hello world 1579156388.2
[rosout][INFO] 2020-01-16 12:33:10,209: hello world 1579156390.21
[rosout][INFO] 2020-01-16 12:33:12,230: hello world 1579156392.23
[rosout][INFO] 2020-01-16 12:33:14,224: hello world 1579156394.22
[rosout][INFO] 2020-01-16 12:33:16,242: hello world 1579156396.24
[rosout][INFO] 2020-01-16 12:33:18,249: hello world 1579156398.25
[rosout][INFO] 2020-01-16 12:33:20,247: hello world 1579156400.25
[rosout][INFO] 2020-01-16 12:33:22,256: hello world 1579156402.26
[rosout][INFO] 2020-01-16 12:33:24,253: hello world 1579156404.25
[rosout][INFO] 2020-01-16 12:33:26,273: hello world 1579156406.27
[rosout][INFO] 2020-01-16 12:33:28,286: hello world 1579156408.29
[rosout][INFO] 2020-01-16 12:33:30,290: hello world 1579156410.29
[rosout][INFO] 2020-01-16 12:33:32,266: hello world 1579156412.27
[rosout][INFO] 2020-01-16 12:33:34,298: hello world 1579156414.3
[rosout][INFO] 2020-01-16 12:33:36,289: hello world 1579156416.29
[rosout][INFO] 2020-01-16 12:33:38,319: hello world 1579156418.32
[rosout][INFO] 2020-01-16 12:33:40,301: hello world 1579156420.3
[rosout][INFO] 2020-01-16 12:33:42,325: hello world 1579156422.33
[rosout][INFO] 2020-01-16 12:33:44,309: hello world 1579156424.31
[rosout][INFO] 2020-01-16 12:33:46,335: hello world 1579156426.34
[rosout][INFO] 2020-01-16 12:33:48,326: hello world 1579156428.33
[rosout][INFO] 2020-01-16 12:33:50,344: hello world 1579156430.34
[rosout][INFO] 2020-01-16 12:33:52,328: hello world 1579156432.33
[rosout][INFO] 2020-01-16 12:33:54,332: hello world 1579156434.33
[rosout][INFO] 2020-01-16 12:33:56,332: hello world 1579156436.33
[rosout][INFO] 2020-01-16 12:33:58,355: hello world 1579156438.36
[rosout][INFO] 2020-01-16 12:34:00,335: hello world 1579156440.34
[rosout][INFO] 2020-01-16 12:34:02,369: hello world 1579156442.37
[rosout][INFO] 2020-01-16 12:34:04,361: hello world 1579156444.36
[rosout][INFO] 2020-01-16 12:34:06,388: hello world 1579156446.39
[rosout][INFO] 2020-01-16 12:34:08,388: hello world 1579156448.39
[rosout][INFO] 2020-01-16 12:34:10,414: hello world 1579156450.41
[rosout][INFO] 2020-01-16 12:34:12,418: hello world 1579156452.42
[rosout][INFO] 2020-01-16 12:34:14,430: hello world 1579156454.43
[rosout][INFO] 2020-01-16 12:34:16,438: hello world 1579156456.44
[rosout][INFO] 2020-01-16 12:34:18,470: hello world 1579156458.47
[rosout][INFO] 2020-01-16 12:34:20,496: hello world 1579156460.49
[rosout][INFO] 2020-01-16 12:34:22,486: hello world 1579156462.49
[rosout][INFO] 2020-01-16 12:34:24,516: hello world 1579156464.52
[rosout][INFO] 2020-01-16 12:34:26,520: hello world 1579156466.52
[rosout][INFO] 2020-01-16 12:34:28,539: hello world 1579156468.54
[rosout][INFO] 2020-01-16 12:34:30,526: hello world 1579156470.53
[rosout][INFO] 2020-01-16 12:34:32,551: hello world 1579156472.55
[rosout][INFO] 2020-01-16 12:34:34,559: hello world 1579156474.56
[rosout][INFO] 2020-01-16 12:34:36,598: hello world 1579156476.6
[rosout][INFO] 2020-01-16 12:34:38,566: hello world 1579156478.57
[rosout][INFO] 2020-01-16 12:34:40,615: hello world 1579156480.62
[rosout][INFO] 2020-01-16 12:34:42,628: hello world 1579156482.63
[rosout][INFO] 2020-01-16 12:34:44,648: hello world 1579156484.65
[rosout][INFO] 2020-01-16 12:34:46,687: hello world 1579156486.69
[rosout][INFO] 2020-01-16 12:34:48,664: hello world 1579156488.66
[rosout][INFO] 2020-01-16 12:34:50,657: hello world 1579156490.66
[rosout][INFO] 2020-01-16 12:34:52,667: hello world 1579156492.67
[rosout][INFO] 2020-01-16 12:34:54,713: hello world 1579156494.71
[rosout][INFO] 2020-01-16 12:34:56,736: hello world 1579156496.74
[rosout][INFO] 2020-01-16 12:34:58,756: hello world 1579156498.76
[rosout][INFO] 2020-01-16 12:35:00,760: hello world 1579156500.76
[rosout][INFO] 2020-01-16 12:35:02,776: hello world 1579156502.78
[rosout][INFO] 2020-01-16 12:35:04,769: hello world 1579156504.77
[rosout][INFO] 2020-01-16 12:35:06,785: hello world 1579156506.79
[rosout][INFO] 2020-01-16 12:35:08,783: hello world 1579156508.78
[rosout][INFO] 2020-01-16 12:35:10,805: hello world 1579156510.81
[rosout][INFO] 2020-01-16 12:35:12,789: hello world 1579156512.79
[rosout][INFO] 2020-01-16 12:35:14,785: hello world 1579156514.79
[rosout][INFO] 2020-01-16 12:35:16,785: hello world 1579156516.78
[rosout][INFO] 2020-01-16 12:35:18,798: hello world 1579156518.8
[rosout][INFO] 2020-01-16 12:35:20,808: hello world 1579156520.81
[rosout][INFO] 2020-01-16 12:35:22,849: hello world 1579156522.85
[rosout][INFO] 2020-01-16 12:35:24,867: hello world 1579156524.87
[rosout][INFO] 2020-01-16 12:35:26,875: hello world 1579156526.88
[rosout][INFO] 2020-01-16 12:35:28,878: hello world 1579156528.88
[rosout][INFO] 2020-01-16 12:35:30,911: hello world 1579156530.91
[rosout][INFO] 2020-01-16 12:35:32,950: hello world 1579156532.95
[rosout][INFO] 2020-01-16 12:35:34,950: hello world 1579156534.95
[rosout][INFO] 2020-01-16 12:35:37,000: hello world 1579156537.0
[rosout][INFO] 2020-01-16 12:35:38,976: hello world 1579156538.98
[rosout][INFO] 2020-01-16 12:35:41,006: hello world 1579156541.01
[rosout][INFO] 2020-01-16 12:35:43,009: hello world 1579156543.01
[rosout][INFO] 2020-01-16 12:35:45,016: hello world 1579156545.02
[rosout][INFO] 2020-01-16 12:35:47,013: hello world 1579156547.01
[rosout][INFO] 2020-01-16 12:35:49,022: hello world 1579156549.02
[rosout][INFO] 2020-01-16 12:35:51,036: hello world 1579156551.04
[rosout][INFO] 2020-01-16 12:35:53,048: hello world 1579156553.05
[rosout][INFO] 2020-01-16 12:35:55,069: hello world 1579156555.07
[rosout][INFO] 2020-01-16 12:35:57,104: hello world 1579156557.1
[rosout][INFO] 2020-01-16 12:35:59,115: hello world 1579156559.11
[rosout][INFO] 2020-01-16 12:36:01,132: hello world 1579156561.13
[rosout][INFO] 2020-01-16 12:36:03,145: hello world 1579156563.15
[rosout][INFO] 2020-01-16 12:36:05,171: hello world 1579156565.17
[rosout][INFO] 2020-01-16 12:36:07,178: hello world 1579156567.18
[rosout][INFO] 2020-01-16 12:36:09,177: hello world 1579156569.18
[rosout][INFO] 2020-01-16 12:36:11,188: hello world 1579156571.19
[rosout][INFO] 2020-01-16 12:36:13,177: hello world 1579156573.18
[rosout][INFO] 2020-01-16 12:36:15,224: hello world 1579156575.22
[rosout][INFO] 2020-01-16 12:36:17,239: hello world 1579156577.24
[rosout][INFO] 2020-01-16 12:36:19,275: hello world 1579156579.28
[rosout][INFO] 2020-01-16 12:36:21,306: hello world 1579156581.31
[rosout][INFO] 2020-01-16 12:36:23,341: hello world 1579156583.34
[rosout][INFO] 2020-01-16 12:36:25,381: hello world 1579156585.38
[rosout][INFO] 2020-01-16 12:36:27,388: hello world 1579156587.39
[rosout][INFO] 2020-01-16 12:36:29,434: hello world 1579156589.43
[rosout][INFO] 2020-01-16 12:36:31,427: hello world 1579156591.43
[rosout][INFO] 2020-01-16 12:36:33,525: hello world 1579156593.53
[rosout][INFO] 2020-01-16 12:36:35,568: hello world 1579156595.57
[rosout][INFO] 2020-01-16 12:36:37,589: hello world 1579156597.59
[rosout][INFO] 2020-01-16 12:36:39,635: hello world 1579156599.64
[rosout][INFO] 2020-01-16 12:36:41,644: hello world 1579156601.64
[rosout][INFO] 2020-01-16 12:36:43,677: hello world 1579156603.68
[rosout][INFO] 2020-01-16 12:36:45,709: hello world 1579156605.71
[rosout][INFO] 2020-01-16 12:36:47,747: hello world 1579156607.75
[rosout][INFO] 2020-01-16 12:36:49,788: hello world 1579156609.79
[rosout][INFO] 2020-01-16 12:36:51,792: hello world 1579156611.79
[rosout][INFO] 2020-01-16 12:36:53,816: hello world 1579156613.82
[rosout][INFO] 2020-01-16 12:36:55,813: hello world 1579156615.81
[rosout][INFO] 2020-01-16 12:36:57,851: hello world 1579156617.85
[rosout][INFO] 2020-01-16 12:36:59,871: hello world 1579156619.87
[rosout][INFO] 2020-01-16 12:37:01,878: hello world 1579156621.88
[rosout][INFO] 2020-01-16 12:37:03,888: hello world 1579156623.89
[rosout][INFO] 2020-01-16 12:37:05,923: hello world 1579156625.92
[rosout][INFO] 2020-01-16 12:37:07,960: hello world 1579156627.96
[rosout][INFO] 2020-01-16 12:37:09,950: hello world 1579156629.95
[rosout][INFO] 2020-01-16 12:37:11,992: hello world 1579156631.99
[rosout][INFO] 2020-01-16 12:37:14,000: hello world 1579156634.0
[rosout][INFO] 2020-01-16 12:37:16,030: hello world 1579156636.03
[rosout][INFO] 2020-01-16 12:37:18,042: hello world 1579156638.04
[rosout][INFO] 2020-01-16 12:37:20,062: hello world 1579156640.06
[rosout][INFO] 2020-01-16 12:37:22,079: hello world 1579156642.08
[rosout][INFO] 2020-01-16 12:37:24,085: hello world 1579156644.09
[rosout][INFO] 2020-01-16 12:37:26,096: hello world 1579156646.1
[rosout][INFO] 2020-01-16 12:37:28,115: hello world 1579156648.11
[rosout][INFO] 2020-01-16 12:37:30,134: hello world 1579156650.13
[rosout][INFO] 2020-01-16 12:37:32,174: hello world 1579156652.17
[rosout][INFO] 2020-01-16 12:37:34,236: hello world 1579156654.24
[rosout][INFO] 2020-01-16 12:37:36,240: hello world 1579156656.24
[rosout][INFO] 2020-01-16 12:37:38,289: hello world 1579156658.29
[rosout][INFO] 2020-01-16 12:37:40,298: hello world 1579156660.3
[rosout][INFO] 2020-01-16 12:37:42,341: hello world 1579156662.34
[rosout][INFO] 2020-01-16 12:37:44,368: hello world 1579156664.37
[rosout][INFO] 2020-01-16 12:37:46,367: hello world 1579156666.37
[rosout][INFO] 2020-01-16 12:37:48,418: hello world 1579156668.42
[rosout][INFO] 2020-01-16 12:37:50,404: hello world 1579156670.4
[rosout][INFO] 2020-01-16 12:37:52,446: hello world 1579156672.45
[rosout][INFO] 2020-01-16 12:37:54,456: hello world 1579156674.46
[rosout][INFO] 2020-01-16 12:37:56,476: hello world 1579156676.48
[rosout][INFO] 2020-01-16 12:37:58,471: hello world 1579156678.47
[rosout][INFO] 2020-01-16 12:38:00,493: hello world 1579156680.49
[rosout][INFO] 2020-01-16 12:38:02,532: hello world 1579156682.53
[rosout][INFO] 2020-01-16 12:38:04,546: hello world 1579156684.55
[rosout][INFO] 2020-01-16 12:38:06,592: hello world 1579156686.59
[rosout][INFO] 2020-01-16 12:38:08,608: hello world 1579156688.61
[rosout][INFO] 2020-01-16 12:38:10,657: hello world 1579156690.66
[rosout][INFO] 2020-01-16 12:38:12,673: hello world 1579156692.67
[rosout][INFO] 2020-01-16 12:38:14,688: hello world 1579156694.69
[rosout][INFO] 2020-01-16 12:38:16,736: hello world 1579156696.74
[rosout][INFO] 2020-01-16 12:38:18,743: hello world 1579156698.74
[rosout][INFO] 2020-01-16 12:38:20,789: hello world 1579156700.79
[rosout][INFO] 2020-01-16 12:38:22,803: hello world 1579156702.8
[rosout][INFO] 2020-01-16 12:38:24,826: hello world 1579156704.83
[rosout][INFO] 2020-01-16 12:38:26,861: hello world 1579156706.86
[rosout][INFO] 2020-01-16 12:38:28,848: hello world 1579156708.85
[rosout][INFO] 2020-01-16 12:38:30,891: hello world 1579156710.89
[rosout][INFO] 2020-01-16 12:38:32,914: hello world 1579156712.91
[rosout][INFO] 2020-01-16 12:38:34,960: hello world 1579156714.96
[rosout][INFO] 2020-01-16 12:38:36,976: hello world 1579156716.98
[rosout][INFO] 2020-01-16 12:38:39,015: hello world 1579156719.02
[rosout][INFO] 2020-01-16 12:38:41,061: hello world 1579156721.06
[rosout][INFO] 2020-01-16 12:38:43,048: hello world 1579156723.05
[rosout][INFO] 2020-01-16 12:38:45,088: hello world 1579156725.09
[rosout][INFO] 2020-01-16 12:38:47,062: hello world 1579156727.06
[rosout][INFO] 2020-01-16 12:38:49,131: hello world 1579156729.13
[rosout][INFO] 2020-01-16 12:38:51,191: hello world 1579156731.19
[rosout][INFO] 2020-01-16 12:38:53,190: hello world 1579156733.19
[rosout][INFO] 2020-01-16 12:38:55,200: hello world 1579156735.2
[rosout][INFO] 2020-01-16 12:38:57,190: hello world 1579156737.19
[rosout][INFO] 2020-01-16 12:38:59,190: hello world 1579156739.19
[rosout][INFO] 2020-01-16 12:39:01,207: hello world 1579156741.21
[rosout][INFO] 2020-01-16 12:39:03,201: hello world 1579156743.2
[rosout][INFO] 2020-01-16 12:39:05,278: hello world 1579156745.28
[rosout][INFO] 2020-01-16 12:39:07,226: hello world 1579156747.23
[rosout][INFO] 2020-01-16 12:39:09,296: hello world 1579156749.3
[rosout][INFO] 2020-01-16 12:39:11,315: hello world 1579156751.32
[rosout][INFO] 2020-01-16 12:39:13,358: hello world 1579156753.36
[rosout][INFO] 2020-01-16 12:39:15,428: hello world 1579156755.43
[rosout][INFO] 2020-01-16 12:39:17,467: hello world 1579156757.47
[rosout][INFO] 2020-01-16 12:39:19,517: hello world 1579156759.52
[rosout][INFO] 2020-01-16 12:39:21,578: hello world 1579156761.58
[rosout][INFO] 2020-01-16 12:39:23,618: hello world 1579156763.62
[rosout][INFO] 2020-01-16 12:39:25,694: hello world 1579156765.69
[rosout][INFO] 2020-01-16 12:39:27,766: hello world 1579156767.77
[rosout][INFO] 2020-01-16 12:39:29,848: hello world 1579156769.85
[rosout][INFO] 2020-01-16 12:39:31,839: hello world 1579156771.84
[rosout][INFO] 2020-01-16 12:39:33,891: hello world 1579156773.89
[rosout][INFO] 2020-01-16 12:39:35,927: hello world 1579156775.93
[rosout][INFO] 2020-01-16 12:39:37,966: hello world 1579156777.97
[rosout][INFO] 2020-01-16 12:39:40,010: hello world 1579156780.01
[rosout][INFO] 2020-01-16 12:39:42,045: hello world 1579156782.05
[rosout][INFO] 2020-01-16 12:39:44,112: hello world 1579156784.11
[rosout][INFO] 2020-01-16 12:39:46,201: hello world 1579156786.2
[rosout][INFO] 2020-01-16 12:39:48,234: hello world 1579156788.23
[rosout][INFO] 2020-01-16 12:39:50,378: hello world 1579156790.38
[rosout][INFO] 2020-01-16 12:39:52,434: hello world 1579156792.43
[rosout][INFO] 2020-01-16 12:39:54,502: hello world 1579156794.5
[rosout][INFO] 2020-01-16 12:39:56,522: hello world 1579156796.52
[rosout][INFO] 2020-01-16 12:39:58,516: hello world 1579156798.52
[rosout][INFO] 2020-01-16 12:40:00,588: hello world 1579156800.59
[rosout][INFO] 2020-01-16 12:40:02,615: hello world 1579156802.62
[rosout][INFO] 2020-01-16 12:40:04,683: hello world 1579156804.68
[rosout][INFO] 2020-01-16 12:40:06,772: hello world 1579156806.77
[rosout][INFO] 2020-01-16 12:40:08,769: hello world 1579156808.77
[rosout][INFO] 2020-01-16 12:40:10,842: hello world 1579156810.84
[rosout][INFO] 2020-01-16 12:40:12,894: hello world 1579156812.89
[rosout][INFO] 2020-01-16 12:40:14,957: hello world 1579156814.96
[rosout][INFO] 2020-01-16 12:40:17,029: hello world 1579156817.03
[rosout][INFO] 2020-01-16 12:40:19,013: hello world 1579156819.01
[rosout][INFO] 2020-01-16 12:40:21,092: hello world 1579156821.09
[rosout][INFO] 2020-01-16 12:40:23,148: hello world 1579156823.15
[rosout][INFO] 2020-01-16 12:40:25,203: hello world 1579156825.2
[rosout][INFO] 2020-01-16 12:40:27,243: hello world 1579156827.24
[rosout][INFO] 2020-01-16 12:40:29,299: hello world 1579156829.3
[rosout][INFO] 2020-01-16 12:40:31,328: hello world 1579156831.33
[rosout][INFO] 2020-01-16 12:40:33,391: hello world 1579156833.39
[rosout][INFO] 2020-01-16 12:40:35,375: hello world 1579156835.38
[rosout][INFO] 2020-01-16 12:40:37,460: hello world 1579156837.46
[rosout][INFO] 2020-01-16 12:40:39,503: hello world 1579156839.5
[rosout][INFO] 2020-01-16 12:40:41,549: hello world 1579156841.55
[rosout][INFO] 2020-01-16 12:40:43,584: hello world 1579156843.58
[rosout][INFO] 2020-01-16 12:40:45,653: hello world 1579156845.65
[rosout][INFO] 2020-01-16 12:40:47,674: hello world 1579156847.67
[rosout][INFO] 2020-01-16 12:40:49,707: hello world 1579156849.71
[rosout][INFO] 2020-01-16 12:40:51,727: hello world 1579156851.73
[rosout][INFO] 2020-01-16 12:40:53,825: hello world 1579156853.83
[rosout][INFO] 2020-01-16 12:40:55,907: hello world 1579156855.91
[rosout][INFO] 2020-01-16 12:40:57,894: hello world 1579156857.89
[rosout][INFO] 2020-01-16 12:40:59,971: hello world 1579156859.97
[rosout][INFO] 2020-01-16 12:41:02,046: hello world 1579156862.05
[rosout][INFO] 2020-01-16 12:41:04,091: hello world 1579156864.09
[rosout][INFO] 2020-01-16 12:41:06,127: hello world 1579156866.13
[rosout][INFO] 2020-01-16 12:41:08,174: hello world 1579156868.17
[rosout][INFO] 2020-01-16 12:41:10,187: hello world 1579156870.19
[rosout][INFO] 2020-01-16 12:41:12,278: hello world 1579156872.28
[rosout][INFO] 2020-01-16 12:41:14,308: hello world 1579156874.31
[rosout][INFO] 2020-01-16 12:41:16,371: hello world 1579156876.37
[rosout][INFO] 2020-01-16 12:41:18,427: hello world 1579156878.43
[rosout][INFO] 2020-01-16 12:41:20,463: hello world 1579156880.46
[rosout][INFO] 2020-01-16 12:41:22,516: hello world 1579156882.52
[rosout][INFO] 2020-01-16 12:41:24,565: hello world 1579156884.57
[rosout][INFO] 2020-01-16 12:41:26,585: hello world 1579156886.59
[rosout][INFO] 2020-01-16 12:41:28,654: hello world 1579156888.65
[rosout][INFO] 2020-01-16 12:41:30,721: hello world 1579156890.72
[rosout][INFO] 2020-01-16 12:41:32,753: hello world 1579156892.75
[rosout][INFO] 2020-01-16 12:41:34,766: hello world 1579156894.77
[rosout][INFO] 2020-01-16 12:41:36,865: hello world 1579156896.87
[rosout][INFO] 2020-01-16 12:41:38,920: hello world 1579156898.92
[rosout][INFO] 2020-01-16 12:41:40,976: hello world 1579156900.98
[rosout][INFO] 2020-01-16 12:41:43,040: hello world 1579156903.04
[rosout][INFO] 2020-01-16 12:41:45,063: hello world 1579156905.06
[rosout][INFO] 2020-01-16 12:41:47,121: hello world 1579156907.12
[rosout][INFO] 2020-01-16 12:41:49,130: hello world 1579156909.13
[rosout][INFO] 2020-01-16 12:41:51,171: hello world 1579156911.17
[rosout][INFO] 2020-01-16 12:41:53,230: hello world 1579156913.23
[rosout][INFO] 2020-01-16 12:41:55,250: hello world 1579156915.25
[rosout][INFO] 2020-01-16 12:41:57,266: hello world 1579156917.27
[rosout][INFO] 2020-01-16 12:41:59,305: hello world 1579156919.31
[rosout][INFO] 2020-01-16 12:42:01,338: hello world 1579156921.34
[rosout][INFO] 2020-01-16 12:42:03,394: hello world 1579156923.39
[rosout][INFO] 2020-01-16 12:42:05,384: hello world 1579156925.38
[rosout][INFO] 2020-01-16 12:42:07,401: hello world 1579156927.4
[rosout][INFO] 2020-01-16 12:42:09,408: hello world 1579156929.41
[rosout][INFO] 2020-01-16 12:42:11,440: hello world 1579156931.44
[rosout][INFO] 2020-01-16 12:42:13,451: hello world 1579156933.45
[rosout][INFO] 2020-01-16 12:42:15,482: hello world 1579156935.48
[rosout][INFO] 2020-01-16 12:42:17,490: hello world 1579156937.49
[rosout][INFO] 2020-01-16 12:42:19,565: hello world 1579156939.57
[rosout][INFO] 2020-01-16 12:42:21,598: hello world 1579156941.6
[rosout][INFO] 2020-01-16 12:42:23,628: hello world 1579156943.63
[rosout][INFO] 2020-01-16 12:42:25,688: hello world 1579156945.69
[rosout][INFO] 2020-01-16 12:42:27,779: hello world 1579156947.78
[rosout][INFO] 2020-01-16 12:42:29,825: hello world 1579156949.83
[rosout][INFO] 2020-01-16 12:42:31,890: hello world 1579156951.89
[rosout][INFO] 2020-01-16 12:42:33,943: hello world 1579156953.94
[rosout][INFO] 2020-01-16 12:42:36,019: hello world 1579156956.02
[rosout][INFO] 2020-01-16 12:42:38,025: hello world 1579156958.03
[rosout][INFO] 2020-01-16 12:42:40,144: hello world 1579156960.14
[rosout][INFO] 2020-01-16 12:42:42,211: hello world 1579156962.21
[rosout][INFO] 2020-01-16 12:42:44,247: hello world 1579156964.25
[rosout][INFO] 2020-01-16 12:42:46,312: hello world 1579156966.31
[rosout][INFO] 2020-01-16 12:42:48,301: hello world 1579156968.3
[rosout][INFO] 2020-01-16 12:42:50,345: hello world 1579156970.35
[rosout][INFO] 2020-01-16 12:42:52,408: hello world 1579156972.41
[rosout][INFO] 2020-01-16 12:42:54,453: hello world 1579156974.45
[rosout][INFO] 2020-01-16 12:42:56,532: hello world 1579156976.53
[rosout][INFO] 2020-01-16 12:42:58,573: hello world 1579156978.57
[rosout][INFO] 2020-01-16 12:43:00,625: hello world 1579156980.63
[rosout][INFO] 2020-01-16 12:43:02,647: hello world 1579156982.65
[rosout][INFO] 2020-01-16 12:43:04,701: hello world 1579156984.7
[rosout][INFO] 2020-01-16 12:43:06,767: hello world 1579156986.77
[rosout][INFO] 2020-01-16 12:43:08,750: hello world 1579156988.75
[rosout][INFO] 2020-01-16 12:43:10,805: hello world 1579156990.81
[rosout][INFO] 2020-01-16 12:43:12,823: hello world 1579156992.82
[rosout][INFO] 2020-01-16 12:43:14,868: hello world 1579156994.87
[rosout][INFO] 2020-01-16 12:43:16,944: hello world 1579156996.94
[rosout][INFO] 2020-01-16 12:43:18,963: hello world 1579156998.96
[rosout][INFO] 2020-01-16 12:43:21,023: hello world 1579157001.02
[rosout][INFO] 2020-01-16 12:43:23,095: hello world 1579157003.1
[rosout][INFO] 2020-01-16 12:43:25,134: hello world 1579157005.13
[rosout][INFO] 2020-01-16 12:43:27,217: hello world 1579157007.22
[rosout][INFO] 2020-01-16 12:43:29,273: hello world 1579157009.27
[rosout][INFO] 2020-01-16 12:43:31,335: hello world 1579157011.34
[rosout][INFO] 2020-01-16 12:43:33,365: hello world 1579157013.37
[rosout][INFO] 2020-01-16 12:43:35,417: hello world 1579157015.42
[rosout][INFO] 2020-01-16 12:43:37,494: hello world 1579157017.49
[rosout][INFO] 2020-01-16 12:43:39,540: hello world 1579157019.54
[rosout][INFO] 2020-01-16 12:43:41,612: hello world 1579157021.61
[rosout][INFO] 2020-01-16 12:43:43,688: hello world 1579157023.69
[rosout][INFO] 2020-01-16 12:43:45,707: hello world 1579157025.71
[rosout][INFO] 2020-01-16 12:43:47,776: hello world 1579157027.78
[rosout][INFO] 2020-01-16 12:43:49,848: hello world 1579157029.85
[rosout][INFO] 2020-01-16 12:43:51,874: hello world 1579157031.87
[rosout][INFO] 2020-01-16 12:43:53,950: hello world 1579157033.95
[rosout][INFO] 2020-01-16 12:43:56,045: hello world 1579157036.05
[rosout][INFO] 2020-01-16 12:43:58,145: hello world 1579157038.14
[rosout][INFO] 2020-01-16 12:44:00,187: hello world 1579157040.19
[rosout][INFO] 2020-01-16 12:44:02,256: hello world 1579157042.26
[rosout][INFO] 2020-01-16 12:44:04,325: hello world 1579157044.33
[rosout][INFO] 2020-01-16 12:44:06,362: hello world 1579157046.36
[rosout][INFO] 2020-01-16 12:44:08,407: hello world 1579157048.41
[rosout][INFO] 2020-01-16 12:44:10,421: hello world 1579157050.42
[rosout][INFO] 2020-01-16 12:44:12,519: hello world 1579157052.52
[rosout][INFO] 2020-01-16 12:44:14,581: hello world 1579157054.58
[rosout][INFO] 2020-01-16 12:44:16,622: hello world 1579157056.62
[rosout][INFO] 2020-01-16 12:44:18,703: hello world 1579157058.7
[rosout][INFO] 2020-01-16 12:44:20,789: hello world 1579157060.79
[rosout][INFO] 2020-01-16 12:44:22,834: hello world 1579157062.83
[rosout][INFO] 2020-01-16 12:44:24,859: hello world 1579157064.86
[rosout][INFO] 2020-01-16 12:44:26,966: hello world 1579157066.97
[rosout][INFO] 2020-01-16 12:44:28,993: hello world 1579157068.99
[rosout][INFO] 2020-01-16 12:44:31,094: hello world 1579157071.09
[rosout][INFO] 2020-01-16 12:44:33,134: hello world 1579157073.13
[rosout][INFO] 2020-01-16 12:44:35,181: hello world 1579157075.18
[rosout][INFO] 2020-01-16 12:44:37,266: hello world 1579157077.27
[rosout][INFO] 2020-01-16 12:44:39,285: hello world 1579157079.29
[rosout][INFO] 2020-01-16 12:44:41,345: hello world 1579157081.35
[rosout][INFO] 2020-01-16 12:44:43,405: hello world 1579157083.41
[rosout][INFO] 2020-01-16 12:44:45,493: hello world 1579157085.49
[rosout][INFO] 2020-01-16 12:44:47,598: hello world 1579157087.6
[rosout][INFO] 2020-01-16 12:44:49,630: hello world 1579157089.63
[rosout][INFO] 2020-01-16 12:44:51,694: hello world 1579157091.69
[rosout][INFO] 2020-01-16 12:44:53,703: hello world 1579157093.7
[rosout][INFO] 2020-01-16 12:44:55,788: hello world 1579157095.79
[rosout][INFO] 2020-01-16 12:44:57,825: hello world 1579157097.83
[rosout][INFO] 2020-01-16 12:44:59,957: hello world 1579157099.96
[rosout][INFO] 2020-01-16 12:45:02,036: hello world 1579157102.04
[rosout][INFO] 2020-01-16 12:45:04,098: hello world 1579157104.1
[rosout][INFO] 2020-01-16 12:45:06,174: hello world 1579157106.17
[rosout][INFO] 2020-01-16 12:45:08,174: hello world 1579157108.17
[rosout][INFO] 2020-01-16 12:45:10,273: hello world 1579157110.27
[rosout][INFO] 2020-01-16 12:45:12,303: hello world 1579157112.3
[rosout][INFO] 2020-01-16 12:45:14,286: hello world 1579157114.29
[rosout][INFO] 2020-01-16 12:45:16,371: hello world 1579157116.37
[rosout][INFO] 2020-01-16 12:45:18,411: hello world 1579157118.41
[rosout][INFO] 2020-01-16 12:45:20,434: hello world 1579157120.43
[rosout][INFO] 2020-01-16 12:45:22,513: hello world 1579157122.51
[rosout][INFO] 2020-01-16 12:45:24,594: hello world 1579157124.59
[rosout][INFO] 2020-01-16 12:45:26,654: hello world 1579157126.65
[rosout][INFO] 2020-01-16 12:45:28,707: hello world 1579157128.71
[rosout][INFO] 2020-01-16 12:45:30,765: hello world 1579157130.76
[rosout][INFO] 2020-01-16 12:45:32,822: hello world 1579157132.82
[rosout][INFO] 2020-01-16 12:45:34,884: hello world 1579157134.88
[rosout][INFO] 2020-01-16 12:45:36,984: hello world 1579157136.98
[rosout][INFO] 2020-01-16 12:45:39,019: hello world 1579157139.02
[rosout][INFO] 2020-01-16 12:45:41,059: hello world 1579157141.06
[rosout][INFO] 2020-01-16 12:45:43,119: hello world 1579157143.12
[rosout][INFO] 2020-01-16 12:45:45,157: hello world 1579157145.16
[rosout][INFO] 2020-01-16 12:45:47,232: hello world 1579157147.23
[rosout][INFO] 2020-01-16 12:45:49,313: hello world 1579157149.31
[rosout][INFO] 2020-01-16 12:45:51,345: hello world 1579157151.35
[rosout][INFO] 2020-01-16 12:45:53,398: hello world 1579157153.4
[rosout][INFO] 2020-01-16 12:45:55,427: hello world 1579157155.43
[rosout][INFO] 2020-01-16 12:45:57,483: hello world 1579157157.48
[rosout][INFO] 2020-01-16 12:45:59,517: hello world 1579157159.52
[rosout][INFO] 2020-01-16 12:46:01,486: hello world 1579157161.49
[rosout][INFO] 2020-01-16 12:46:03,552: hello world 1579157163.55
[rosout][INFO] 2020-01-16 12:46:05,634: hello world 1579157165.63
[rosout][INFO] 2020-01-16 12:46:07,690: hello world 1579157167.69
[rosout][INFO] 2020-01-16 12:46:09,727: hello world 1579157169.73
[rosout][INFO] 2020-01-16 12:46:11,808: hello world 1579157171.81
[rosout][INFO] 2020-01-16 12:46:13,846: hello world 1579157173.85
[rosout][INFO] 2020-01-16 12:46:15,950: hello world 1579157175.95
[rosout][INFO] 2020-01-16 12:46:17,976: hello world 1579157177.98
[rosout][INFO] 2020-01-16 12:46:20,015: hello world 1579157180.02
[rosout][INFO] 2020-01-16 12:46:22,065: hello world 1579157182.07
[rosout][INFO] 2020-01-16 12:46:24,132: hello world 1579157184.13
[rosout][INFO] 2020-01-16 12:46:26,161: hello world 1579157186.16
[rosout][INFO] 2020-01-16 12:46:28,200: hello world 1579157188.2
[rosout][INFO] 2020-01-16 12:46:30,240: hello world 1579157190.24
[rosout][INFO] 2020-01-16 12:46:32,334: hello world 1579157192.33
[rosout][INFO] 2020-01-16 12:46:34,377: hello world 1579157194.38
[rosout][INFO] 2020-01-16 12:46:36,430: hello world 1579157196.43
[rosout][INFO] 2020-01-16 12:46:38,460: hello world 1579157198.46
[rosout][INFO] 2020-01-16 12:46:40,515: hello world 1579157200.52
[rosout][INFO] 2020-01-16 12:46:42,592: hello world 1579157202.59
[rosout][INFO] 2020-01-16 12:46:44,621: hello world 1579157204.62
[rosout][INFO] 2020-01-16 12:46:46,645: hello world 1579157206.65
[rosout][INFO] 2020-01-16 12:46:48,717: hello world 1579157208.72
[rosout][INFO] 2020-01-16 12:46:50,711: hello world 1579157210.71
[rosout][INFO] 2020-01-16 12:46:52,752: hello world 1579157212.75
[rosout][INFO] 2020-01-16 12:46:54,775: hello world 1579157214.78
[rosout][INFO] 2020-01-16 12:46:56,805: hello world 1579157216.81
[rosout][INFO] 2020-01-16 12:46:58,861: hello world 1579157218.86
[rosout][INFO] 2020-01-16 12:47:00,858: hello world 1579157220.86
[rosout][INFO] 2020-01-16 12:47:02,894: hello world 1579157222.89
[rosout][INFO] 2020-01-16 12:47:04,927: hello world 1579157224.93
[rosout][INFO] 2020-01-16 12:47:07,017: hello world 1579157227.02
[rosout][INFO] 2020-01-16 12:47:09,036: hello world 1579157229.04
[rosout][INFO] 2020-01-16 12:47:11,055: hello world 1579157231.06
[rosout][INFO] 2020-01-16 12:47:13,134: hello world 1579157233.13
[rosout][INFO] 2020-01-16 12:47:15,194: hello world 1579157235.19
[rosout][INFO] 2020-01-16 12:47:17,220: hello world 1579157237.22
[rosout][INFO] 2020-01-16 12:47:19,273: hello world 1579157239.27
[rosout][INFO] 2020-01-16 12:47:21,292: hello world 1579157241.29
[rosout][INFO] 2020-01-16 12:47:23,342: hello world 1579157243.34
[rosout][INFO] 2020-01-16 12:47:25,421: hello world 1579157245.42
[rosout][INFO] 2020-01-16 12:47:27,444: hello world 1579157247.44
[rosout][INFO] 2020-01-16 12:47:29,517: hello world 1579157249.52
[rosout][INFO] 2020-01-16 12:47:31,594: hello world 1579157251.59
[rosout][INFO] 2020-01-16 12:47:33,668: hello world 1579157253.67
[rosout][INFO] 2020-01-16 12:47:35,723: hello world 1579157255.72
[rosout][INFO] 2020-01-16 12:47:37,799: hello world 1579157257.8
[rosout][INFO] 2020-01-16 12:47:39,854: hello world 1579157259.85
[rosout][INFO] 2020-01-16 12:47:41,933: hello world 1579157261.93
[rosout][INFO] 2020-01-16 12:47:43,930: hello world 1579157263.93
[rosout][INFO] 2020-01-16 12:47:45,979: hello world 1579157265.98
[rosout][INFO] 2020-01-16 12:47:47,980: hello world 1579157267.98
[rosout][INFO] 2020-01-16 12:47:50,032: hello world 1579157270.03
[rosout][INFO] 2020-01-16 12:47:52,078: hello world 1579157272.08
[rosout][INFO] 2020-01-16 12:47:54,098: hello world 1579157274.1
[rosout][INFO] 2020-01-16 12:47:56,161: hello world 1579157276.16
[rosout][INFO] 2020-01-16 12:47:58,173: hello world 1579157278.17
[rosout][INFO] 2020-01-16 12:48:00,221: hello world 1579157280.22
[rosout][INFO] 2020-01-16 12:48:02,329: hello world 1579157282.33
[rosout][INFO] 2020-01-16 12:48:04,349: hello world 1579157284.35
[rosout][INFO] 2020-01-16 12:48:06,391: hello world 1579157286.39
[rosout][INFO] 2020-01-16 12:48:08,427: hello world 1579157288.43
[rosout][INFO] 2020-01-16 12:48:10,459: hello world 1579157290.46
[rosout][INFO] 2020-01-16 12:48:12,539: hello world 1579157292.54
[rosout][INFO] 2020-01-16 12:48:14,575: hello world 1579157294.58
[rosout][INFO] 2020-01-16 12:48:16,632: hello world 1579157296.63
[rosout][INFO] 2020-01-16 12:48:18,698: hello world 1579157298.7
[rosout][INFO] 2020-01-16 12:48:20,767: hello world 1579157300.77
[rosout][INFO] 2020-01-16 12:48:22,815: hello world 1579157302.81
[rosout][INFO] 2020-01-16 12:48:24,872: hello world 1579157304.87
[rosout][INFO] 2020-01-16 12:48:26,963: hello world 1579157306.96
[rosout][INFO] 2020-01-16 12:48:28,987: hello world 1579157308.99
[rosout][INFO] 2020-01-16 12:48:31,049: hello world 1579157311.05
[rosout][INFO] 2020-01-16 12:48:33,104: hello world 1579157313.1
[rosout][INFO] 2020-01-16 12:48:35,121: hello world 1579157315.12
[rosout][INFO] 2020-01-16 12:48:37,173: hello world 1579157317.17
[rosout][INFO] 2020-01-16 12:48:39,207: hello world 1579157319.21
[rosout][INFO] 2020-01-16 12:48:41,266: hello world 1579157321.27
[rosout][INFO] 2020-01-16 12:48:43,328: hello world 1579157323.33
[rosout][INFO] 2020-01-16 12:48:45,387: hello world 1579157325.39
[rosout][INFO] 2020-01-16 12:48:47,446: hello world 1579157327.45
[rosout][INFO] 2020-01-16 12:48:49,457: hello world 1579157329.46
[rosout][INFO] 2020-01-16 12:48:51,614: hello world 1579157331.61
